220403 14:25:49 mysqld_safe Starting mariadbd daemon with databases from /config/databases
2022-04-03 14:25:49 0 [Note] /usr/bin/mariadbd (mysqld 10.5.15-MariaDB-log) starting as process 604 ...
2022-04-03 14:25:49 0 [Note] InnoDB: Uses event mutexes
2022-04-03 14:25:49 0 [Note] InnoDB: Compressed tables use zlib 1.2.11
2022-04-03 14:25:49 0 [Note] InnoDB: Number of pools: 1
2022-04-03 14:25:49 0 [Note] InnoDB: Using crc32 + pclmulqdq instructions
2022-04-03 14:25:49 0 [Note] mariadbd: O_TMPFILE is not supported on /var/tmp (disabling future attempts)
2022-04-03 14:25:49 0 [Note] InnoDB: Using Linux native AIO
2022-04-03 14:25:49 0 [Note] InnoDB: Initializing buffer pool, total size = 268435456, chunk size = 134217728
2022-04-03 14:25:50 0 [Note] InnoDB: Completed initialization of buffer pool
2022-04-03 14:25:50 0 [Note] InnoDB: 128 rollback segments are active.
2022-04-03 14:25:50 0 [Note] InnoDB: Creating shared tablespace for temporary tables
2022-04-03 14:25:50 0 [Note] InnoDB: Setting file './ibtmp1' size to 12 MB. Physically writing the file full; Please wait ...
2022-04-03 14:25:50 0 [Note] InnoDB: File './ibtmp1' size is now 12 MB.
2022-04-03 14:25:50 0 [Note] InnoDB: 10.5.15 started; log sequence number 45118; transaction id 20
2022-04-03 14:25:50 0 [Note] Plugin 'FEEDBACK' is disabled.
2022-04-03 14:25:50 0 [Note] InnoDB: Loading buffer pool(s) from /config/databases/ib_buffer_pool
2022-04-03 14:25:50 0 [Note] InnoDB: Buffer pool(s) load completed at 220403 14:25:50
2022-04-03 14:25:50 0 [Note] Server socket created on IP: '::'.
2022-04-03 14:25:50 0 [Note] Reading of all Master_info entries succeeded
2022-04-03 14:25:50 0 [Note] Added new Master_info '' to hash table
2022-04-03 14:25:50 0 [Note] /usr/bin/mariadbd: ready for connections.
Version: '10.5.15-MariaDB-log'  socket: '/run/mysqld/mysqld.sock'  port: 3306  MariaDB Server
2022-04-03 14:26:49 7 [Warning] Aborted connection 7 to db: 'drakars' user: 'drakars_user' host: 'drakcar-api.caronte_cars_default' (Got an error reading communication packets)
2022-04-03 14:26:49 6 [Warning] Aborted connection 6 to db: 'drakars' user: 'drakars_user' host: 'drakcar-api.caronte_cars_default' (Got an error reading communication packets)
2022-04-03 14:26:56 9 [Warning] Aborted connection 9 to db: 'drakars' user: 'drakars_user' host: 'drakcar-api.caronte_cars_default' (Got an error reading communication packets)
2022-04-03 14:26:56 8 [Warning] Aborted connection 8 to db: 'drakars' user: 'drakars_user' host: 'drakcar-api.caronte_cars_default' (Got an error reading communication packets)
2022-04-03 14:36:58 10 [Warning] Aborted connection 10 to db: 'drakars' user: 'drakars_user' host: 'drakcar-api.caronte_cars_default' (Got timeout reading communication packets)
2022-04-03 14:36:58 11 [Warning] Aborted connection 11 to db: 'drakars' user: 'drakars_user' host: 'drakcar-api.caronte_cars_default' (Got timeout reading communication packets)
2022-04-03 14:54:25 13 [Warning] Aborted connection 13 to db: 'drakars' user: 'drakars_user' host: 'drakcar-api.caronte_cars_default' (Got an error reading communication packets)
2022-04-03 14:54:25 12 [Warning] Aborted connection 12 to db: 'drakars' user: 'drakars_user' host: 'drakcar-api.caronte_cars_default' (Got an error reading communication packets)
2022-04-03 14:54:36 15 [Warning] Aborted connection 15 to db: 'drakars' user: 'drakars_user' host: 'drakcar-api.caronte_cars_default' (Got an error reading communication packets)
2022-04-03 14:54:36 14 [Warning] Aborted connection 14 to db: 'drakars' user: 'drakars_user' host: 'drakcar-api.caronte_cars_default' (Got an error reading communication packets)
2022-04-03 14:54:46 17 [Warning] Aborted connection 17 to db: 'drakars' user: 'drakars_user' host: 'drakcar-api.caronte_cars_default' (Got an error reading communication packets)
2022-04-03 14:54:46 16 [Warning] Aborted connection 16 to db: 'drakars' user: 'drakars_user' host: 'drakcar-api.caronte_cars_default' (Got an error reading communication packets)
2022-04-03 14:54:55 19 [Warning] Aborted connection 19 to db: 'drakars' user: 'drakars_user' host: 'drakcar-api.caronte_cars_default' (Got an error reading communication packets)
2022-04-03 14:54:55 18 [Warning] Aborted connection 18 to db: 'drakars' user: 'drakars_user' host: 'drakcar-api.caronte_cars_default' (Got an error reading communication packets)
2022-04-03 14:55:00 20 [Warning] Aborted connection 20 to db: 'drakars' user: 'drakars_user' host: 'drakcar-api.caronte_cars_default' (Got an error reading communication packets)
2022-04-03 14:55:00 21 [Warning] Aborted connection 21 to db: 'drakars' user: 'drakars_user' host: 'drakcar-api.caronte_cars_default' (Got an error reading communication packets)
2022-04-03 14:55:27 23 [Warning] Aborted connection 23 to db: 'drakars' user: 'drakars_user' host: 'drakcar-api.caronte_cars_default' (Got an error reading communication packets)
2022-04-03 14:55:27 22 [Warning] Aborted connection 22 to db: 'drakars' user: 'drakars_user' host: 'drakcar-api.caronte_cars_default' (Got an error reading communication packets)
2022-04-03 14:55:40 25 [Warning] Aborted connection 25 to db: 'drakars' user: 'drakars_user' host: 'drakcar-api.caronte_cars_default' (Got an error reading communication packets)
2022-04-03 14:55:40 24 [Warning] Aborted connection 24 to db: 'drakars' user: 'drakars_user' host: 'drakcar-api.caronte_cars_default' (Got an error reading communication packets)
2022-04-03 14:55:51 27 [Warning] Aborted connection 27 to db: 'drakars' user: 'drakars_user' host: 'drakcar-api.caronte_cars_default' (Got an error reading communication packets)
2022-04-03 14:55:51 26 [Warning] Aborted connection 26 to db: 'drakars' user: 'drakars_user' host: 'drakcar-api.caronte_cars_default' (Got an error reading communication packets)
2022-04-03 14:55:59 29 [Warning] Aborted connection 29 to db: 'drakars' user: 'drakars_user' host: 'drakcar-api.caronte_cars_default' (Got an error reading communication packets)
2022-04-03 14:55:59 28 [Warning] Aborted connection 28 to db: 'drakars' user: 'drakars_user' host: 'drakcar-api.caronte_cars_default' (Got an error reading communication packets)
2022-04-03 15:04:42 31 [Warning] Aborted connection 31 to db: 'drakars' user: 'drakars_user' host: 'drakcar-api.caronte_cars_default' (Got an error reading communication packets)
2022-04-03 15:04:42 30 [Warning] Aborted connection 30 to db: 'drakars' user: 'drakars_user' host: 'drakcar-api.caronte_cars_default' (Got an error reading communication packets)
2022-04-03 15:04:43 33 [Warning] Aborted connection 33 to db: 'drakars' user: 'drakars_user' host: 'drakcar-api.caronte_cars_default' (Got an error reading communication packets)
2022-04-03 15:04:43 32 [Warning] Aborted connection 32 to db: 'drakars' user: 'drakars_user' host: 'drakcar-api.caronte_cars_default' (Got an error reading communication packets)
2022-04-03 15:06:29 35 [Warning] Aborted connection 35 to db: 'drakars' user: 'drakars_user' host: 'drakcar-api.caronte_cars_default' (Got an error reading communication packets)
2022-04-03 15:06:29 34 [Warning] Aborted connection 34 to db: 'drakars' user: 'drakars_user' host: 'drakcar-api.caronte_cars_default' (Got an error reading communication packets)
2022-04-03 15:16:30 36 [Warning] Aborted connection 36 to db: 'drakars' user: 'drakars_user' host: 'drakcar-api.caronte_cars_default' (Got timeout reading communication packets)
2022-04-03 15:16:30 37 [Warning] Aborted connection 37 to db: 'drakars' user: 'drakars_user' host: 'drakcar-api.caronte_cars_default' (Got timeout reading communication packets)
2022-04-03 15:37:21 38 [Warning] Aborted connection 38 to db: 'drakars' user: 'drakars_user' host: 'drakcar-api.caronte_cars_default' (Got an error reading communication packets)
2022-04-03 15:37:21 39 [Warning] Aborted connection 39 to db: 'drakars' user: 'drakars_user' host: 'drakcar-api.caronte_cars_default' (Got an error reading communication packets)
2022-04-03 15:37:50 41 [Warning] Aborted connection 41 to db: 'drakars' user: 'drakars_user' host: 'drakcar-api.caronte_cars_default' (Got an error reading communication packets)
2022-04-03 15:37:50 40 [Warning] Aborted connection 40 to db: 'drakars' user: 'drakars_user' host: 'drakcar-api.caronte_cars_default' (Got an error reading communication packets)
2022-04-03 15:39:43 43 [Warning] Aborted connection 43 to db: 'drakars' user: 'drakars_user' host: 'drakcar-api.caronte_cars_default' (Got an error reading communication packets)
2022-04-03 15:39:43 42 [Warning] Aborted connection 42 to db: 'drakars' user: 'drakars_user' host: 'drakcar-api.caronte_cars_default' (Got an error reading communication packets)
2022-04-03 15:40:07 45 [Warning] Aborted connection 45 to db: 'drakars' user: 'drakars_user' host: 'drakcar-api.caronte_cars_default' (Got an error reading communication packets)
2022-04-03 15:40:07 44 [Warning] Aborted connection 44 to db: 'drakars' user: 'drakars_user' host: 'drakcar-api.caronte_cars_default' (Got an error reading communication packets)
2022-04-03 15:40:56 47 [Warning] Aborted connection 47 to db: 'drakars' user: 'drakars_user' host: 'drakcar-api.caronte_cars_default' (Got an error reading communication packets)
2022-04-03 15:40:56 46 [Warning] Aborted connection 46 to db: 'drakars' user: 'drakars_user' host: 'drakcar-api.caronte_cars_default' (Got an error reading communication packets)
2022-04-03 15:41:02 49 [Warning] Aborted connection 49 to db: 'drakars' user: 'drakars_user' host: 'drakcar-api.caronte_cars_default' (Got an error reading communication packets)
2022-04-03 15:41:02 48 [Warning] Aborted connection 48 to db: 'drakars' user: 'drakars_user' host: 'drakcar-api.caronte_cars_default' (Got an error reading communication packets)
2022-04-03 15:41:06 50 [Warning] Aborted connection 50 to db: 'drakars' user: 'drakars_user' host: 'drakcar-api.caronte_cars_default' (Got an error reading communication packets)
2022-04-03 15:41:06 51 [Warning] Aborted connection 51 to db: 'drakars' user: 'drakars_user' host: 'drakcar-api.caronte_cars_default' (Got an error reading communication packets)
2022-04-03 15:41:11 53 [Warning] Aborted connection 53 to db: 'drakars' user: 'drakars_user' host: 'drakcar-api.caronte_cars_default' (Got an error reading communication packets)
2022-04-03 15:41:11 52 [Warning] Aborted connection 52 to db: 'drakars' user: 'drakars_user' host: 'drakcar-api.caronte_cars_default' (Got an error reading communication packets)
2022-04-03 15:41:20 55 [Warning] Aborted connection 55 to db: 'drakars' user: 'drakars_user' host: 'drakcar-api.caronte_cars_default' (Got an error reading communication packets)
2022-04-03 15:41:20 54 [Warning] Aborted connection 54 to db: 'drakars' user: 'drakars_user' host: 'drakcar-api.caronte_cars_default' (Got an error reading communication packets)
2022-04-03 15:41:29 56 [Warning] Aborted connection 56 to db: 'drakars' user: 'drakars_user' host: 'drakcar-api.caronte_cars_default' (Got an error reading communication packets)
2022-04-03 15:41:29 57 [Warning] Aborted connection 57 to db: 'drakars' user: 'drakars_user' host: 'drakcar-api.caronte_cars_default' (Got an error reading communication packets)
2022-04-03 15:41:56 59 [Warning] Aborted connection 59 to db: 'drakars' user: 'drakars_user' host: 'drakcar-api.caronte_cars_default' (Got an error reading communication packets)
2022-04-03 15:41:56 58 [Warning] Aborted connection 58 to db: 'drakars' user: 'drakars_user' host: 'drakcar-api.caronte_cars_default' (Got an error reading communication packets)
2022-04-03 15:42:39 61 [Warning] Aborted connection 61 to db: 'drakars' user: 'drakars_user' host: 'drakcar-api.caronte_cars_default' (Got an error reading communication packets)
2022-04-03 15:42:39 60 [Warning] Aborted connection 60 to db: 'drakars' user: 'drakars_user' host: 'drakcar-api.caronte_cars_default' (Got an error reading communication packets)
2022-04-03 15:43:03 63 [Warning] Aborted connection 63 to db: 'drakars' user: 'drakars_user' host: 'drakcar-api.caronte_cars_default' (Got an error reading communication packets)
2022-04-03 15:43:03 62 [Warning] Aborted connection 62 to db: 'drakars' user: 'drakars_user' host: 'drakcar-api.caronte_cars_default' (Got an error reading communication packets)
2022-04-03 15:43:09 65 [Warning] Aborted connection 65 to db: 'drakars' user: 'drakars_user' host: 'drakcar-api.caronte_cars_default' (Got an error reading communication packets)
2022-04-03 15:43:09 64 [Warning] Aborted connection 64 to db: 'drakars' user: 'drakars_user' host: 'drakcar-api.caronte_cars_default' (Got an error reading communication packets)
2022-04-03 15:44:26 67 [Warning] Aborted connection 67 to db: 'drakars' user: 'drakars_user' host: 'drakcar-api.caronte_cars_default' (Got an error reading communication packets)
2022-04-03 15:44:26 66 [Warning] Aborted connection 66 to db: 'drakars' user: 'drakars_user' host: 'drakcar-api.caronte_cars_default' (Got an error reading communication packets)
2022-04-03 15:44:43 69 [Warning] Aborted connection 69 to db: 'drakars' user: 'drakars_user' host: 'drakcar-api.caronte_cars_default' (Got an error reading communication packets)
2022-04-03 15:44:43 68 [Warning] Aborted connection 68 to db: 'drakars' user: 'drakars_user' host: 'drakcar-api.caronte_cars_default' (Got an error reading communication packets)
2022-04-03 15:45:53 71 [Warning] Aborted connection 71 to db: 'drakars' user: 'drakars_user' host: 'drakcar-api.caronte_cars_default' (Got an error reading communication packets)
2022-04-03 15:45:53 70 [Warning] Aborted connection 70 to db: 'drakars' user: 'drakars_user' host: 'drakcar-api.caronte_cars_default' (Got an error reading communication packets)
2022-04-03 15:45:56 73 [Warning] Aborted connection 73 to db: 'drakars' user: 'drakars_user' host: 'drakcar-api.caronte_cars_default' (Got an error reading communication packets)
2022-04-03 15:45:56 72 [Warning] Aborted connection 72 to db: 'drakars' user: 'drakars_user' host: 'drakcar-api.caronte_cars_default' (Got an error reading communication packets)
2022-04-03 15:47:27 75 [Warning] Aborted connection 75 to db: 'drakars' user: 'drakars_user' host: 'drakcar-api.caronte_cars_default' (Got an error reading communication packets)
2022-04-03 15:47:27 74 [Warning] Aborted connection 74 to db: 'drakars' user: 'drakars_user' host: 'drakcar-api.caronte_cars_default' (Got an error reading communication packets)
2022-04-03 15:48:03 77 [Warning] Aborted connection 77 to db: 'drakars' user: 'drakars_user' host: 'drakcar-api.caronte_cars_default' (Got an error reading communication packets)
2022-04-03 15:48:03 76 [Warning] Aborted connection 76 to db: 'drakars' user: 'drakars_user' host: 'drakcar-api.caronte_cars_default' (Got an error reading communication packets)
2022-04-03 15:48:08 79 [Warning] Aborted connection 79 to db: 'drakars' user: 'drakars_user' host: 'drakcar-api.caronte_cars_default' (Got an error reading communication packets)
2022-04-03 15:48:08 78 [Warning] Aborted connection 78 to db: 'drakars' user: 'drakars_user' host: 'drakcar-api.caronte_cars_default' (Got an error reading communication packets)
2022-04-03 15:48:20 81 [Warning] Aborted connection 81 to db: 'drakars' user: 'drakars_user' host: 'drakcar-api.caronte_cars_default' (Got an error reading communication packets)
2022-04-03 15:48:20 80 [Warning] Aborted connection 80 to db: 'drakars' user: 'drakars_user' host: 'drakcar-api.caronte_cars_default' (Got an error reading communication packets)
2022-04-03 15:52:23 83 [Warning] Aborted connection 83 to db: 'drakars' user: 'drakars_user' host: 'drakcar-api.caronte_cars_default' (Got an error reading communication packets)
2022-04-03 15:52:23 82 [Warning] Aborted connection 82 to db: 'drakars' user: 'drakars_user' host: 'drakcar-api.caronte_cars_default' (Got an error reading communication packets)
2022-04-03 15:55:36 85 [Warning] Aborted connection 85 to db: 'drakars' user: 'drakars_user' host: 'drakcar-api.caronte_cars_default' (Got an error reading communication packets)
2022-04-03 15:55:36 84 [Warning] Aborted connection 84 to db: 'drakars' user: 'drakars_user' host: 'drakcar-api.caronte_cars_default' (Got an error reading communication packets)
2022-04-03 15:56:58 87 [Warning] Aborted connection 87 to db: 'drakars' user: 'drakars_user' host: 'drakcar-api.caronte_cars_default' (Got an error reading communication packets)
2022-04-03 15:56:58 86 [Warning] Aborted connection 86 to db: 'drakars' user: 'drakars_user' host: 'drakcar-api.caronte_cars_default' (Got an error reading communication packets)
2022-04-03 15:57:07 89 [Warning] Aborted connection 89 to db: 'drakars' user: 'drakars_user' host: 'drakcar-api.caronte_cars_default' (Got an error reading communication packets)
2022-04-03 15:57:07 88 [Warning] Aborted connection 88 to db: 'drakars' user: 'drakars_user' host: 'drakcar-api.caronte_cars_default' (Got an error reading communication packets)
2022-04-03 15:57:35 91 [Warning] Aborted connection 91 to db: 'drakars' user: 'drakars_user' host: 'drakcar-api.caronte_cars_default' (Got an error reading communication packets)
2022-04-03 15:57:35 90 [Warning] Aborted connection 90 to db: 'drakars' user: 'drakars_user' host: 'drakcar-api.caronte_cars_default' (Got an error reading communication packets)
2022-04-03 15:57:49 93 [Warning] Aborted connection 93 to db: 'drakars' user: 'drakars_user' host: 'drakcar-api.caronte_cars_default' (Got an error reading communication packets)
2022-04-03 15:57:49 92 [Warning] Aborted connection 92 to db: 'drakars' user: 'drakars_user' host: 'drakcar-api.caronte_cars_default' (Got an error reading communication packets)
2022-04-03 15:57:56 95 [Warning] Aborted connection 95 to db: 'drakars' user: 'drakars_user' host: 'drakcar-api.caronte_cars_default' (Got an error reading communication packets)
2022-04-03 15:57:56 94 [Warning] Aborted connection 94 to db: 'drakars' user: 'drakars_user' host: 'drakcar-api.caronte_cars_default' (Got an error reading communication packets)
2022-04-03 15:58:05 97 [Warning] Aborted connection 97 to db: 'drakars' user: 'drakars_user' host: 'drakcar-api.caronte_cars_default' (Got an error reading communication packets)
2022-04-03 15:58:05 96 [Warning] Aborted connection 96 to db: 'drakars' user: 'drakars_user' host: 'drakcar-api.caronte_cars_default' (Got an error reading communication packets)
2022-04-03 15:58:21 99 [Warning] Aborted connection 99 to db: 'drakars' user: 'drakars_user' host: 'drakcar-api.caronte_cars_default' (Got an error reading communication packets)
2022-04-03 15:58:21 98 [Warning] Aborted connection 98 to db: 'drakars' user: 'drakars_user' host: 'drakcar-api.caronte_cars_default' (Got an error reading communication packets)
2022-04-03 15:59:49 101 [Warning] Aborted connection 101 to db: 'drakars' user: 'drakars_user' host: 'drakcar-api.caronte_cars_default' (Got an error reading communication packets)
2022-04-03 15:59:49 100 [Warning] Aborted connection 100 to db: 'drakars' user: 'drakars_user' host: 'drakcar-api.caronte_cars_default' (Got an error reading communication packets)
2022-04-03 15:59:54 103 [Warning] Aborted connection 103 to db: 'drakars' user: 'drakars_user' host: 'drakcar-api.caronte_cars_default' (Got an error reading communication packets)
2022-04-03 15:59:54 102 [Warning] Aborted connection 102 to db: 'drakars' user: 'drakars_user' host: 'drakcar-api.caronte_cars_default' (Got an error reading communication packets)
2022-04-03 16:00:51 105 [Warning] Aborted connection 105 to db: 'drakars' user: 'drakars_user' host: 'drakcar-api.caronte_cars_default' (Got an error reading communication packets)
2022-04-03 16:00:51 104 [Warning] Aborted connection 104 to db: 'drakars' user: 'drakars_user' host: 'drakcar-api.caronte_cars_default' (Got an error reading communication packets)
2022-04-03 16:01:31 107 [Warning] Aborted connection 107 to db: 'drakars' user: 'drakars_user' host: 'drakcar-api.caronte_cars_default' (Got an error reading communication packets)
2022-04-03 16:01:31 106 [Warning] Aborted connection 106 to db: 'drakars' user: 'drakars_user' host: 'drakcar-api.caronte_cars_default' (Got an error reading communication packets)
2022-04-03 16:02:36 109 [Warning] Aborted connection 109 to db: 'drakars' user: 'drakars_user' host: 'drakcar-api.caronte_cars_default' (Got an error reading communication packets)
2022-04-03 16:02:36 108 [Warning] Aborted connection 108 to db: 'drakars' user: 'drakars_user' host: 'drakcar-api.caronte_cars_default' (Got an error reading communication packets)
2022-04-03 16:02:41 111 [Warning] Aborted connection 111 to db: 'drakars' user: 'drakars_user' host: 'drakcar-api.caronte_cars_default' (Got an error reading communication packets)
2022-04-03 16:02:41 110 [Warning] Aborted connection 110 to db: 'drakars' user: 'drakars_user' host: 'drakcar-api.caronte_cars_default' (Got an error reading communication packets)
2022-04-03 16:02:52 112 [Warning] Aborted connection 112 to db: 'drakars' user: 'drakars_user' host: 'drakcar-api.caronte_cars_default' (Got an error reading communication packets)
2022-04-03 16:02:52 113 [Warning] Aborted connection 113 to db: 'drakars' user: 'drakars_user' host: 'drakcar-api.caronte_cars_default' (Got an error reading communication packets)
2022-04-03 16:04:04 115 [Warning] Aborted connection 115 to db: 'drakars' user: 'drakars_user' host: 'drakcar-api.caronte_cars_default' (Got an error reading communication packets)
2022-04-03 16:04:04 114 [Warning] Aborted connection 114 to db: 'drakars' user: 'drakars_user' host: 'drakcar-api.caronte_cars_default' (Got an error reading communication packets)
2022-04-03 16:07:07 117 [Warning] Aborted connection 117 to db: 'drakars' user: 'drakars_user' host: 'drakcar-api.caronte_cars_default' (Got an error reading communication packets)
2022-04-03 16:07:07 116 [Warning] Aborted connection 116 to db: 'drakars' user: 'drakars_user' host: 'drakcar-api.caronte_cars_default' (Got an error reading communication packets)
2022-04-03 16:07:09 119 [Warning] Aborted connection 119 to db: 'drakars' user: 'drakars_user' host: 'drakcar-api.caronte_cars_default' (Got an error reading communication packets)
2022-04-03 16:07:09 118 [Warning] Aborted connection 118 to db: 'drakars' user: 'drakars_user' host: 'drakcar-api.caronte_cars_default' (Got an error reading communication packets)
2022-04-03 16:07:42 121 [Warning] Aborted connection 121 to db: 'drakars' user: 'drakars_user' host: 'drakcar-api.caronte_cars_default' (Got an error reading communication packets)
2022-04-03 16:07:42 120 [Warning] Aborted connection 120 to db: 'drakars' user: 'drakars_user' host: 'drakcar-api.caronte_cars_default' (Got an error reading communication packets)
2022-04-03 16:11:21 123 [Warning] Aborted connection 123 to db: 'drakars' user: 'drakars_user' host: 'drakcar-api.caronte_cars_default' (Got an error reading communication packets)
2022-04-03 16:11:21 122 [Warning] Aborted connection 122 to db: 'drakars' user: 'drakars_user' host: 'drakcar-api.caronte_cars_default' (Got an error reading communication packets)
2022-04-03 16:12:56 125 [Warning] Aborted connection 125 to db: 'drakars' user: 'drakars_user' host: 'drakcar-api.caronte_cars_default' (Got an error reading communication packets)
2022-04-03 16:12:56 124 [Warning] Aborted connection 124 to db: 'drakars' user: 'drakars_user' host: 'drakcar-api.caronte_cars_default' (Got an error reading communication packets)
2022-04-03 16:12:59 127 [Warning] Aborted connection 127 to db: 'drakars' user: 'drakars_user' host: 'drakcar-api.caronte_cars_default' (Got an error reading communication packets)
2022-04-03 16:12:59 126 [Warning] Aborted connection 126 to db: 'drakars' user: 'drakars_user' host: 'drakcar-api.caronte_cars_default' (Got an error reading communication packets)
2022-04-03 16:13:22 129 [Warning] Aborted connection 129 to db: 'drakars' user: 'drakars_user' host: 'drakcar-api.caronte_cars_default' (Got an error reading communication packets)
2022-04-03 16:13:22 128 [Warning] Aborted connection 128 to db: 'drakars' user: 'drakars_user' host: 'drakcar-api.caronte_cars_default' (Got an error reading communication packets)
2022-04-03 16:16:37 150 [Warning] Aborted connection 150 to db: 'drakars' user: 'drakars_user' host: 'drakcar-api.caronte_cars_default' (Got an error reading communication packets)
2022-04-03 16:18:03 160 [Warning] Aborted connection 160 to db: 'drakars' user: 'drakars_user' host: 'drakcar-api.caronte_cars_default' (Got an error reading communication packets)
2022-04-03 16:18:03 161 [Warning] Aborted connection 161 to db: 'drakars' user: 'drakars_user' host: 'drakcar-api.caronte_cars_default' (Got an error reading communication packets)
2022-04-03 16:18:37 163 [Warning] Aborted connection 163 to db: 'drakars' user: 'drakars_user' host: 'drakcar-api.caronte_cars_default' (Got an error reading communication packets)
2022-04-03 16:18:37 162 [Warning] Aborted connection 162 to db: 'drakars' user: 'drakars_user' host: 'drakcar-api.caronte_cars_default' (Got an error reading communication packets)
2022-04-03 16:18:39 165 [Warning] Aborted connection 165 to db: 'drakars' user: 'drakars_user' host: 'drakcar-api.caronte_cars_default' (Got an error reading communication packets)
2022-04-03 16:18:39 164 [Warning] Aborted connection 164 to db: 'drakars' user: 'drakars_user' host: 'drakcar-api.caronte_cars_default' (Got an error reading communication packets)
2022-04-03 16:20:50 167 [Warning] Aborted connection 167 to db: 'drakars' user: 'drakars_user' host: 'drakcar-api.caronte_cars_default' (Got an error reading communication packets)
2022-04-03 16:20:50 166 [Warning] Aborted connection 166 to db: 'drakars' user: 'drakars_user' host: 'drakcar-api.caronte_cars_default' (Got an error reading communication packets)
2022-04-03 16:21:20 169 [Warning] Aborted connection 169 to db: 'drakars' user: 'drakars_user' host: 'drakcar-api.caronte_cars_default' (Got an error reading communication packets)
2022-04-03 16:21:20 168 [Warning] Aborted connection 168 to db: 'drakars' user: 'drakars_user' host: 'drakcar-api.caronte_cars_default' (Got an error reading communication packets)
2022-04-03 16:21:22 171 [Warning] Aborted connection 171 to db: 'drakars' user: 'drakars_user' host: 'drakcar-api.caronte_cars_default' (Got an error reading communication packets)
2022-04-03 16:21:22 170 [Warning] Aborted connection 170 to db: 'drakars' user: 'drakars_user' host: 'drakcar-api.caronte_cars_default' (Got an error reading communication packets)
2022-04-03 16:22:00 173 [Warning] Aborted connection 173 to db: 'drakars' user: 'drakars_user' host: 'drakcar-api.caronte_cars_default' (Got an error reading communication packets)
2022-04-03 16:22:00 172 [Warning] Aborted connection 172 to db: 'drakars' user: 'drakars_user' host: 'drakcar-api.caronte_cars_default' (Got an error reading communication packets)
2022-04-03 16:22:17 175 [Warning] Aborted connection 175 to db: 'drakars' user: 'drakars_user' host: 'drakcar-api.caronte_cars_default' (Got an error reading communication packets)
2022-04-03 16:22:17 174 [Warning] Aborted connection 174 to db: 'drakars' user: 'drakars_user' host: 'drakcar-api.caronte_cars_default' (Got an error reading communication packets)
2022-04-03 16:22:22 177 [Warning] Aborted connection 177 to db: 'drakars' user: 'drakars_user' host: 'drakcar-api.caronte_cars_default' (Got an error reading communication packets)
2022-04-03 16:22:22 176 [Warning] Aborted connection 176 to db: 'drakars' user: 'drakars_user' host: 'drakcar-api.caronte_cars_default' (Got an error reading communication packets)
2022-04-03 16:22:25 179 [Warning] Aborted connection 179 to db: 'drakars' user: 'drakars_user' host: 'drakcar-api.caronte_cars_default' (Got an error reading communication packets)
2022-04-03 16:22:25 178 [Warning] Aborted connection 178 to db: 'drakars' user: 'drakars_user' host: 'drakcar-api.caronte_cars_default' (Got an error reading communication packets)
2022-04-03 16:23:12 181 [Warning] Aborted connection 181 to db: 'drakars' user: 'drakars_user' host: 'drakcar-api.caronte_cars_default' (Got an error reading communication packets)
2022-04-03 16:23:12 180 [Warning] Aborted connection 180 to db: 'drakars' user: 'drakars_user' host: 'drakcar-api.caronte_cars_default' (Got an error reading communication packets)
2022-04-03 16:23:58 183 [Warning] Aborted connection 183 to db: 'drakars' user: 'drakars_user' host: 'drakcar-api.caronte_cars_default' (Got an error reading communication packets)
2022-04-03 16:23:58 182 [Warning] Aborted connection 182 to db: 'drakars' user: 'drakars_user' host: 'drakcar-api.caronte_cars_default' (Got an error reading communication packets)
2022-04-03 16:24:11 185 [Warning] Aborted connection 185 to db: 'drakars' user: 'drakars_user' host: 'drakcar-api.caronte_cars_default' (Got an error reading communication packets)
2022-04-03 16:24:11 184 [Warning] Aborted connection 184 to db: 'drakars' user: 'drakars_user' host: 'drakcar-api.caronte_cars_default' (Got an error reading communication packets)
2022-04-03 16:39:46 187 [Warning] Aborted connection 187 to db: 'drakars' user: 'drakars_user' host: 'drakcar-api.caronte_cars_default' (Got an error reading communication packets)
2022-04-03 16:39:46 186 [Warning] Aborted connection 186 to db: 'drakars' user: 'drakars_user' host: 'drakcar-api.caronte_cars_default' (Got an error reading communication packets)
2022-04-03 16:42:55 189 [Warning] Aborted connection 189 to db: 'drakars' user: 'drakars_user' host: 'drakcar-api.caronte_cars_default' (Got an error reading communication packets)
2022-04-03 16:42:55 188 [Warning] Aborted connection 188 to db: 'drakars' user: 'drakars_user' host: 'drakcar-api.caronte_cars_default' (Got an error reading communication packets)
2022-04-03 16:45:51 191 [Warning] Aborted connection 191 to db: 'drakars' user: 'drakars_user' host: 'drakcar-api.caronte_cars_default' (Got an error reading communication packets)
2022-04-03 16:45:51 190 [Warning] Aborted connection 190 to db: 'drakars' user: 'drakars_user' host: 'drakcar-api.caronte_cars_default' (Got an error reading communication packets)
2022-04-03 16:47:23 193 [Warning] Aborted connection 193 to db: 'drakars' user: 'drakars_user' host: 'drakcar-api.caronte_cars_default' (Got an error reading communication packets)
2022-04-03 16:47:23 192 [Warning] Aborted connection 192 to db: 'drakars' user: 'drakars_user' host: 'drakcar-api.caronte_cars_default' (Got an error reading communication packets)
2022-04-03 16:48:03 195 [Warning] Aborted connection 195 to db: 'drakars' user: 'drakars_user' host: 'drakcar-api.caronte_cars_default' (Got an error reading communication packets)
2022-04-03 16:48:03 194 [Warning] Aborted connection 194 to db: 'drakars' user: 'drakars_user' host: 'drakcar-api.caronte_cars_default' (Got an error reading communication packets)
2022-04-03 16:48:44 197 [Warning] Aborted connection 197 to db: 'drakars' user: 'drakars_user' host: 'drakcar-api.caronte_cars_default' (Got an error reading communication packets)
2022-04-03 16:48:44 196 [Warning] Aborted connection 196 to db: 'drakars' user: 'drakars_user' host: 'drakcar-api.caronte_cars_default' (Got an error reading communication packets)
2022-04-03 16:50:39 0 [Note] /usr/bin/mariadbd (initiated by: unknown): Normal shutdown
2022-04-03 16:50:39 0 [Note] Event Scheduler: Purging the queue. 0 events
2022-04-03 16:50:39 0 [Note] InnoDB: FTS optimize thread exiting.
2022-04-03 16:50:39 0 [Note] InnoDB: Starting shutdown...
2022-04-03 16:50:39 0 [Note] InnoDB: Dumping buffer pool(s) to /config/databases/ib_buffer_pool
2022-04-03 16:50:39 0 [Note] InnoDB: Buffer pool(s) dump completed at 220403 16:50:39
2022-04-03 16:50:40 0 [Note] InnoDB: Removed temporary tablespace data file: "ibtmp1"
2022-04-03 16:50:40 0 [Note] InnoDB: Shutdown completed; log sequence number 47511; transaction id 28
2022-04-03 16:50:40 0 [Note] /usr/bin/mariadbd: Shutdown complete

220403 16:50:40 mysqld_safe mysqld from pid file /var/run/mysqld/mysqld.pid ended
