220403 16:50:44 mysqld_safe Starting mariadbd daemon with databases from /config/databases
2022-04-03 16:50:44 0 [Note] /usr/bin/mariadbd (mysqld 10.5.15-MariaDB-log) starting as process 522 ...
2022-04-03 16:50:44 0 [Note] InnoDB: Uses event mutexes
2022-04-03 16:50:44 0 [Note] InnoDB: Compressed tables use zlib 1.2.11
2022-04-03 16:50:44 0 [Note] InnoDB: Number of pools: 1
2022-04-03 16:50:44 0 [Note] InnoDB: Using crc32 + pclmulqdq instructions
2022-04-03 16:50:44 0 [Note] mariadbd: O_TMPFILE is not supported on /var/tmp (disabling future attempts)
2022-04-03 16:50:44 0 [Note] InnoDB: Using Linux native AIO
2022-04-03 16:50:44 0 [Note] InnoDB: Initializing buffer pool, total size = 268435456, chunk size = 134217728
2022-04-03 16:50:44 0 [Note] InnoDB: Completed initialization of buffer pool
2022-04-03 16:50:44 0 [Note] InnoDB: 128 rollback segments are active.
2022-04-03 16:50:44 0 [Note] InnoDB: Creating shared tablespace for temporary tables
2022-04-03 16:50:44 0 [Note] InnoDB: Setting file './ibtmp1' size to 12 MB. Physically writing the file full; Please wait ...
2022-04-03 16:50:44 0 [Note] InnoDB: File './ibtmp1' size is now 12 MB.
2022-04-03 16:50:44 0 [Note] InnoDB: 10.5.15 started; log sequence number 47511; transaction id 28
2022-04-03 16:50:44 0 [Note] InnoDB: Loading buffer pool(s) from /config/databases/ib_buffer_pool
2022-04-03 16:50:44 0 [Note] Plugin 'FEEDBACK' is disabled.
2022-04-03 16:50:44 0 [Note] InnoDB: Buffer pool(s) load completed at 220403 16:50:44
2022-04-03 16:50:44 0 [Note] Server socket created on IP: '::'.
2022-04-03 16:50:44 0 [Note] Reading of all Master_info entries succeeded
2022-04-03 16:50:44 0 [Note] Added new Master_info '' to hash table
2022-04-03 16:50:44 0 [Note] /usr/bin/mariadbd: ready for connections.
Version: '10.5.15-MariaDB-log'  socket: '/run/mysqld/mysqld.sock'  port: 3306  MariaDB Server
2022-04-03 17:00:11 5 [Warning] Aborted connection 5 to db: 'drakars' user: 'drakars_user' host: 'drakcar-api.caronte_cars_default' (Got an error reading communication packets)
2022-04-03 17:00:11 4 [Warning] Aborted connection 4 to db: 'drakars' user: 'drakars_user' host: 'drakcar-api.caronte_cars_default' (Got an error reading communication packets)
2022-04-03 17:02:12 9 [Warning] Aborted connection 9 to db: 'drakars' user: 'drakars_user' host: 'drakcar-api.caronte_cars_default' (Got an error reading communication packets)
2022-04-03 17:02:12 8 [Warning] Aborted connection 8 to db: 'drakars' user: 'drakars_user' host: 'drakcar-api.caronte_cars_default' (Got an error reading communication packets)
2022-04-03 17:02:48 11 [Warning] Aborted connection 11 to db: 'drakars' user: 'drakars_user' host: 'drakcar-api.caronte_cars_default' (Got an error reading communication packets)
2022-04-03 17:02:48 10 [Warning] Aborted connection 10 to db: 'drakars' user: 'drakars_user' host: 'drakcar-api.caronte_cars_default' (Got an error reading communication packets)
2022-04-03 17:05:37 13 [Warning] Aborted connection 13 to db: 'drakars' user: 'drakars_user' host: 'drakcar-api.caronte_cars_default' (Got an error reading communication packets)
2022-04-03 17:05:37 12 [Warning] Aborted connection 12 to db: 'drakars' user: 'drakars_user' host: 'drakcar-api.caronte_cars_default' (Got an error reading communication packets)
2022-04-03 17:07:06 15 [Warning] Aborted connection 15 to db: 'drakars' user: 'drakars_user' host: 'drakcar-api.caronte_cars_default' (Got an error reading communication packets)
2022-04-03 17:07:06 14 [Warning] Aborted connection 14 to db: 'drakars' user: 'drakars_user' host: 'drakcar-api.caronte_cars_default' (Got an error reading communication packets)
2022-04-03 17:08:56 17 [Warning] Aborted connection 17 to db: 'drakars' user: 'drakars_user' host: 'drakcar-api.caronte_cars_default' (Got an error reading communication packets)
2022-04-03 17:08:56 16 [Warning] Aborted connection 16 to db: 'drakars' user: 'drakars_user' host: 'drakcar-api.caronte_cars_default' (Got an error reading communication packets)
2022-04-03 17:10:28 18 [Warning] Aborted connection 18 to db: 'drakars' user: 'drakars_user' host: 'drakcar-api.caronte_cars_default' (Got an error reading communication packets)
2022-04-03 17:10:28 19 [Warning] Aborted connection 19 to db: 'drakars' user: 'drakars_user' host: 'drakcar-api.caronte_cars_default' (Got an error reading communication packets)
2022-04-03 17:11:25 21 [Warning] Aborted connection 21 to db: 'drakars' user: 'drakars_user' host: 'drakcar-api.caronte_cars_default' (Got an error reading communication packets)
2022-04-03 17:11:25 20 [Warning] Aborted connection 20 to db: 'drakars' user: 'drakars_user' host: 'drakcar-api.caronte_cars_default' (Got an error reading communication packets)
2022-04-03 17:13:15 22 [Warning] Aborted connection 22 to db: 'drakars' user: 'drakars_user' host: 'drakcar-api.caronte_cars_default' (Got an error reading communication packets)
2022-04-03 17:13:15 23 [Warning] Aborted connection 23 to db: 'drakars' user: 'drakars_user' host: 'drakcar-api.caronte_cars_default' (Got an error reading communication packets)
2022-04-03 17:13:34 25 [Warning] Aborted connection 25 to db: 'drakars' user: 'drakars_user' host: 'drakcar-api.caronte_cars_default' (Got an error reading communication packets)
2022-04-03 17:13:34 24 [Warning] Aborted connection 24 to db: 'drakars' user: 'drakars_user' host: 'drakcar-api.caronte_cars_default' (Got an error reading communication packets)
2022-04-03 17:14:12 27 [Warning] Aborted connection 27 to db: 'drakars' user: 'drakars_user' host: 'drakcar-api.caronte_cars_default' (Got an error reading communication packets)
2022-04-03 17:14:12 26 [Warning] Aborted connection 26 to db: 'drakars' user: 'drakars_user' host: 'drakcar-api.caronte_cars_default' (Got an error reading communication packets)
2022-04-03 17:15:01 28 [Warning] Aborted connection 28 to db: 'drakars' user: 'drakars_user' host: 'drakcar-api.caronte_cars_default' (Got an error reading communication packets)
2022-04-03 17:15:01 29 [Warning] Aborted connection 29 to db: 'drakars' user: 'drakars_user' host: 'drakcar-api.caronte_cars_default' (Got an error reading communication packets)
2022-04-03 17:17:11 31 [Warning] Aborted connection 31 to db: 'drakars' user: 'drakars_user' host: 'drakcar-api.caronte_cars_default' (Got an error reading communication packets)
2022-04-03 17:17:11 30 [Warning] Aborted connection 30 to db: 'drakars' user: 'drakars_user' host: 'drakcar-api.caronte_cars_default' (Got an error reading communication packets)
2022-04-03 17:17:40 32 [Warning] Aborted connection 32 to db: 'drakars' user: 'drakars_user' host: 'drakcar-api.caronte_cars_default' (Got an error reading communication packets)
2022-04-03 17:17:40 33 [Warning] Aborted connection 33 to db: 'drakars' user: 'drakars_user' host: 'drakcar-api.caronte_cars_default' (Got an error reading communication packets)
2022-04-03 17:18:56 34 [Warning] Aborted connection 34 to db: 'drakars' user: 'drakars_user' host: 'drakcar-api.caronte_cars_default' (Got an error reading communication packets)
2022-04-03 17:18:56 35 [Warning] Aborted connection 35 to db: 'drakars' user: 'drakars_user' host: 'drakcar-api.caronte_cars_default' (Got an error reading communication packets)
2022-04-03 17:21:02 36 [Warning] Aborted connection 36 to db: 'drakars' user: 'drakars_user' host: 'drakcar-api.caronte_cars_default' (Got an error reading communication packets)
2022-04-03 17:21:02 37 [Warning] Aborted connection 37 to db: 'drakars' user: 'drakars_user' host: 'drakcar-api.caronte_cars_default' (Got an error reading communication packets)
2022-04-03 17:21:19 39 [Warning] Aborted connection 39 to db: 'drakars' user: 'drakars_user' host: 'drakcar-api.caronte_cars_default' (Got an error reading communication packets)
2022-04-03 17:21:19 38 [Warning] Aborted connection 38 to db: 'drakars' user: 'drakars_user' host: 'drakcar-api.caronte_cars_default' (Got an error reading communication packets)
2022-04-03 17:23:28 41 [Warning] Aborted connection 41 to db: 'drakars' user: 'drakars_user' host: 'drakcar-api.caronte_cars_default' (Got an error reading communication packets)
2022-04-03 17:23:28 40 [Warning] Aborted connection 40 to db: 'drakars' user: 'drakars_user' host: 'drakcar-api.caronte_cars_default' (Got an error reading communication packets)
2022-04-03 17:23:37 43 [Warning] Aborted connection 43 to db: 'drakars' user: 'drakars_user' host: 'drakcar-api.caronte_cars_default' (Got an error reading communication packets)
2022-04-03 17:23:37 42 [Warning] Aborted connection 42 to db: 'drakars' user: 'drakars_user' host: 'drakcar-api.caronte_cars_default' (Got an error reading communication packets)
2022-04-03 17:24:00 45 [Warning] Aborted connection 45 to db: 'drakars' user: 'drakars_user' host: 'drakcar-api.caronte_cars_default' (Got an error reading communication packets)
2022-04-03 17:24:00 44 [Warning] Aborted connection 44 to db: 'drakars' user: 'drakars_user' host: 'drakcar-api.caronte_cars_default' (Got an error reading communication packets)
2022-04-03 17:24:26 47 [Warning] Aborted connection 47 to db: 'drakars' user: 'drakars_user' host: 'drakcar-api.caronte_cars_default' (Got an error reading communication packets)
2022-04-03 17:24:26 46 [Warning] Aborted connection 46 to db: 'drakars' user: 'drakars_user' host: 'drakcar-api.caronte_cars_default' (Got an error reading communication packets)
2022-04-03 17:26:12 49 [Warning] Aborted connection 49 to db: 'drakars' user: 'drakars_user' host: 'drakcar-api.caronte_cars_default' (Got an error reading communication packets)
2022-04-03 17:26:12 48 [Warning] Aborted connection 48 to db: 'drakars' user: 'drakars_user' host: 'drakcar-api.caronte_cars_default' (Got an error reading communication packets)
2022-04-03 17:27:59 51 [Warning] Aborted connection 51 to db: 'drakars' user: 'drakars_user' host: 'drakcar-api.caronte_cars_default' (Got an error reading communication packets)
2022-04-03 17:27:59 50 [Warning] Aborted connection 50 to db: 'drakars' user: 'drakars_user' host: 'drakcar-api.caronte_cars_default' (Got an error reading communication packets)
2022-04-03 17:29:28 52 [Warning] Aborted connection 52 to db: 'drakars' user: 'drakars_user' host: 'drakcar-api.caronte_cars_default' (Got an error reading communication packets)
2022-04-03 17:29:28 53 [Warning] Aborted connection 53 to db: 'drakars' user: 'drakars_user' host: 'drakcar-api.caronte_cars_default' (Got an error reading communication packets)
2022-04-03 17:31:37 55 [Warning] Aborted connection 55 to db: 'drakars' user: 'drakars_user' host: 'drakcar-api.caronte_cars_default' (Got an error reading communication packets)
2022-04-03 17:31:37 54 [Warning] Aborted connection 54 to db: 'drakars' user: 'drakars_user' host: 'drakcar-api.caronte_cars_default' (Got an error reading communication packets)
2022-04-03 17:32:15 56 [Warning] Aborted connection 56 to db: 'drakars' user: 'drakars_user' host: 'drakcar-api.caronte_cars_default' (Got an error reading communication packets)
2022-04-03 17:32:15 57 [Warning] Aborted connection 57 to db: 'drakars' user: 'drakars_user' host: 'drakcar-api.caronte_cars_default' (Got an error reading communication packets)
2022-04-03 17:32:48 59 [Warning] Aborted connection 59 to db: 'drakars' user: 'drakars_user' host: 'drakcar-api.caronte_cars_default' (Got an error reading communication packets)
2022-04-03 17:32:48 58 [Warning] Aborted connection 58 to db: 'drakars' user: 'drakars_user' host: 'drakcar-api.caronte_cars_default' (Got an error reading communication packets)
2022-04-03 17:33:02 61 [Warning] Aborted connection 61 to db: 'drakars' user: 'drakars_user' host: 'drakcar-api.caronte_cars_default' (Got an error reading communication packets)
2022-04-03 17:33:02 60 [Warning] Aborted connection 60 to db: 'drakars' user: 'drakars_user' host: 'drakcar-api.caronte_cars_default' (Got an error reading communication packets)
2022-04-03 17:33:45 63 [Warning] Aborted connection 63 to db: 'drakars' user: 'drakars_user' host: 'drakcar-api.caronte_cars_default' (Got an error reading communication packets)
2022-04-03 17:33:45 62 [Warning] Aborted connection 62 to db: 'drakars' user: 'drakars_user' host: 'drakcar-api.caronte_cars_default' (Got an error reading communication packets)
2022-04-03 17:35:09 65 [Warning] Aborted connection 65 to db: 'drakars' user: 'drakars_user' host: 'drakcar-api.caronte_cars_default' (Got an error reading communication packets)
2022-04-03 17:35:09 64 [Warning] Aborted connection 64 to db: 'drakars' user: 'drakars_user' host: 'drakcar-api.caronte_cars_default' (Got an error reading communication packets)
2022-04-03 17:40:18 67 [Warning] Aborted connection 67 to db: 'drakars' user: 'drakars_user' host: 'drakcar-api.caronte_cars_default' (Got an error reading communication packets)
2022-04-03 17:40:18 66 [Warning] Aborted connection 66 to db: 'drakars' user: 'drakars_user' host: 'drakcar-api.caronte_cars_default' (Got an error reading communication packets)
2022-04-03 17:40:28 69 [Warning] Aborted connection 69 to db: 'drakars' user: 'drakars_user' host: 'drakcar-api.caronte_cars_default' (Got an error reading communication packets)
2022-04-03 17:40:28 68 [Warning] Aborted connection 68 to db: 'drakars' user: 'drakars_user' host: 'drakcar-api.caronte_cars_default' (Got an error reading communication packets)
2022-04-03 17:40:41 71 [Warning] Aborted connection 71 to db: 'drakars' user: 'drakars_user' host: 'drakcar-api.caronte_cars_default' (Got an error reading communication packets)
2022-04-03 17:40:41 70 [Warning] Aborted connection 70 to db: 'drakars' user: 'drakars_user' host: 'drakcar-api.caronte_cars_default' (Got an error reading communication packets)
2022-04-03 17:40:52 73 [Warning] Aborted connection 73 to db: 'drakars' user: 'drakars_user' host: 'drakcar-api.caronte_cars_default' (Got an error reading communication packets)
2022-04-03 17:40:52 72 [Warning] Aborted connection 72 to db: 'drakars' user: 'drakars_user' host: 'drakcar-api.caronte_cars_default' (Got an error reading communication packets)
2022-04-03 17:41:20 75 [Warning] Aborted connection 75 to db: 'drakars' user: 'drakars_user' host: 'drakcar-api.caronte_cars_default' (Got an error reading communication packets)
2022-04-03 17:41:20 74 [Warning] Aborted connection 74 to db: 'drakars' user: 'drakars_user' host: 'drakcar-api.caronte_cars_default' (Got an error reading communication packets)
2022-04-03 17:41:21 77 [Warning] Aborted connection 77 to db: 'drakars' user: 'drakars_user' host: 'drakcar-api.caronte_cars_default' (Got an error reading communication packets)
2022-04-03 17:41:21 76 [Warning] Aborted connection 76 to db: 'drakars' user: 'drakars_user' host: 'drakcar-api.caronte_cars_default' (Got an error reading communication packets)
2022-04-03 17:42:02 79 [Warning] Aborted connection 79 to db: 'drakars' user: 'drakars_user' host: 'drakcar-api.caronte_cars_default' (Got an error reading communication packets)
2022-04-03 17:42:02 78 [Warning] Aborted connection 78 to db: 'drakars' user: 'drakars_user' host: 'drakcar-api.caronte_cars_default' (Got an error reading communication packets)
2022-04-03 17:42:11 80 [Warning] Aborted connection 80 to db: 'drakars' user: 'drakars_user' host: 'drakcar-api.caronte_cars_default' (Got an error reading communication packets)
2022-04-03 17:42:11 81 [Warning] Aborted connection 81 to db: 'drakars' user: 'drakars_user' host: 'drakcar-api.caronte_cars_default' (Got an error reading communication packets)
2022-04-03 17:43:17 83 [Warning] Aborted connection 83 to db: 'drakars' user: 'drakars_user' host: 'drakcar-api.caronte_cars_default' (Got an error reading communication packets)
2022-04-03 17:43:17 82 [Warning] Aborted connection 82 to db: 'drakars' user: 'drakars_user' host: 'drakcar-api.caronte_cars_default' (Got an error reading communication packets)
2022-04-03 17:52:19 223 [Warning] Aborted connection 223 to db: 'drakars' user: 'drakars_user' host: 'drakcar-api.caronte_cars_default' (Got an error reading communication packets)
2022-04-03 17:52:19 222 [Warning] Aborted connection 222 to db: 'drakars' user: 'drakars_user' host: 'drakcar-api.caronte_cars_default' (Got an error reading communication packets)
2022-04-03 17:53:47 225 [Warning] Aborted connection 225 to db: 'drakars' user: 'drakars_user' host: 'drakcar-api.caronte_cars_default' (Got an error reading communication packets)
2022-04-03 17:53:47 224 [Warning] Aborted connection 224 to db: 'drakars' user: 'drakars_user' host: 'drakcar-api.caronte_cars_default' (Got an error reading communication packets)
2022-04-03 17:54:18 227 [Warning] Aborted connection 227 to db: 'drakars' user: 'drakars_user' host: 'drakcar-api.caronte_cars_default' (Got an error reading communication packets)
2022-04-03 17:54:18 226 [Warning] Aborted connection 226 to db: 'drakars' user: 'drakars_user' host: 'drakcar-api.caronte_cars_default' (Got an error reading communication packets)
2022-04-03 17:54:59 229 [Warning] Aborted connection 229 to db: 'drakars' user: 'drakars_user' host: 'drakcar-api.caronte_cars_default' (Got an error reading communication packets)
2022-04-03 17:54:59 228 [Warning] Aborted connection 228 to db: 'drakars' user: 'drakars_user' host: 'drakcar-api.caronte_cars_default' (Got an error reading communication packets)
2022-04-03 18:05:01 230 [Warning] Aborted connection 230 to db: 'drakars' user: 'drakars_user' host: 'drakcar-api.caronte_cars_default' (Got timeout reading communication packets)
2022-04-03 18:05:01 231 [Warning] Aborted connection 231 to db: 'drakars' user: 'drakars_user' host: 'drakcar-api.caronte_cars_default' (Got timeout reading communication packets)
2022-04-05 18:10:01 232 [Warning] Aborted connection 232 to db: 'drakars' user: 'drakars_user' host: 'drakcar-api.caronte_cars_default' (Got timeout reading communication packets)
2022-04-05 18:10:01 233 [Warning] Aborted connection 233 to db: 'drakars' user: 'drakars_user' host: 'drakcar-api.caronte_cars_default' (Got timeout reading communication packets)
2022-04-05 19:31:40 234 [Warning] Aborted connection 234 to db: 'drakars' user: 'drakars_user' host: 'drakcar-api.caronte_cars_default' (Got an error reading communication packets)
2022-04-05 19:31:40 235 [Warning] Aborted connection 235 to db: 'drakars' user: 'drakars_user' host: 'drakcar-api.caronte_cars_default' (Got an error reading communication packets)
2022-04-05 19:41:42 237 [Warning] Aborted connection 237 to db: 'drakars' user: 'drakars_user' host: 'drakcar-api.caronte_cars_default' (Got timeout reading communication packets)
2022-04-05 19:41:42 236 [Warning] Aborted connection 236 to db: 'drakars' user: 'drakars_user' host: 'drakcar-api.caronte_cars_default' (Got timeout reading communication packets)
2022-04-05 19:52:19 239 [Warning] Aborted connection 239 to db: 'drakars' user: 'drakars_user' host: 'drakcar-api.caronte_cars_default' (Got an error reading communication packets)
2022-04-05 19:52:19 238 [Warning] Aborted connection 238 to db: 'drakars' user: 'drakars_user' host: 'drakcar-api.caronte_cars_default' (Got an error reading communication packets)
2022-04-05 20:02:21 240 [Warning] Aborted connection 240 to db: 'drakars' user: 'drakars_user' host: 'drakcar-api.caronte_cars_default' (Got timeout reading communication packets)
2022-04-05 20:02:21 241 [Warning] Aborted connection 241 to db: 'drakars' user: 'drakars_user' host: 'drakcar-api.caronte_cars_default' (Got timeout reading communication packets)
2022-04-05 20:05:16 243 [Warning] Aborted connection 243 to db: 'drakars' user: 'drakars_user' host: 'drakcar-api.caronte_cars_default' (Got an error reading communication packets)
2022-04-05 20:05:16 242 [Warning] Aborted connection 242 to db: 'drakars' user: 'drakars_user' host: 'drakcar-api.caronte_cars_default' (Got an error reading communication packets)
2022-04-05 20:07:54 245 [Warning] Aborted connection 245 to db: 'drakars' user: 'drakars_user' host: 'drakcar-api.caronte_cars_default' (Got an error reading communication packets)
2022-04-05 20:07:54 244 [Warning] Aborted connection 244 to db: 'drakars' user: 'drakars_user' host: 'drakcar-api.caronte_cars_default' (Got an error reading communication packets)
2022-04-05 20:07:56 247 [Warning] Aborted connection 247 to db: 'drakars' user: 'drakars_user' host: 'drakcar-api.caronte_cars_default' (Got an error reading communication packets)
2022-04-05 20:07:56 246 [Warning] Aborted connection 246 to db: 'drakars' user: 'drakars_user' host: 'drakcar-api.caronte_cars_default' (Got an error reading communication packets)
2022-04-05 20:08:28 248 [Warning] Aborted connection 248 to db: 'drakars' user: 'drakars_user' host: 'drakcar-api.caronte_cars_default' (Got an error reading communication packets)
2022-04-05 20:08:28 249 [Warning] Aborted connection 249 to db: 'drakars' user: 'drakars_user' host: 'drakcar-api.caronte_cars_default' (Got an error reading communication packets)
2022-04-05 20:08:29 251 [Warning] Aborted connection 251 to db: 'drakars' user: 'drakars_user' host: 'drakcar-api.caronte_cars_default' (Got an error reading communication packets)
2022-04-05 20:08:29 250 [Warning] Aborted connection 250 to db: 'drakars' user: 'drakars_user' host: 'drakcar-api.caronte_cars_default' (Got an error reading communication packets)
2022-04-05 20:11:26 253 [Warning] Aborted connection 253 to db: 'drakars' user: 'drakars_user' host: 'drakcar-api.caronte_cars_default' (Got an error reading communication packets)
2022-04-05 20:11:26 252 [Warning] Aborted connection 252 to db: 'drakars' user: 'drakars_user' host: 'drakcar-api.caronte_cars_default' (Got an error reading communication packets)
2022-04-05 20:12:52 254 [Warning] Aborted connection 254 to db: 'drakars' user: 'drakars_user' host: 'drakcar-api.caronte_cars_default' (Got an error reading communication packets)
2022-04-05 20:12:52 255 [Warning] Aborted connection 255 to db: 'drakars' user: 'drakars_user' host: 'drakcar-api.caronte_cars_default' (Got an error reading communication packets)
2022-04-05 20:12:55 256 [Warning] Aborted connection 256 to db: 'drakars' user: 'drakars_user' host: 'drakcar-api.caronte_cars_default' (Got an error reading communication packets)
2022-04-05 20:12:55 257 [Warning] Aborted connection 257 to db: 'drakars' user: 'drakars_user' host: 'drakcar-api.caronte_cars_default' (Got an error reading communication packets)
2022-04-05 20:15:44 258 [Warning] Aborted connection 258 to db: 'drakars' user: 'drakars_user' host: 'drakcar-api.caronte_cars_default' (Got an error reading communication packets)
2022-04-05 20:15:44 259 [Warning] Aborted connection 259 to db: 'drakars' user: 'drakars_user' host: 'drakcar-api.caronte_cars_default' (Got an error reading communication packets)
2022-04-05 20:18:01 261 [Warning] Aborted connection 261 to db: 'drakars' user: 'drakars_user' host: 'drakcar-api.caronte_cars_default' (Got an error reading communication packets)
2022-04-05 20:18:01 260 [Warning] Aborted connection 260 to db: 'drakars' user: 'drakars_user' host: 'drakcar-api.caronte_cars_default' (Got an error reading communication packets)
2022-04-05 20:20:34 263 [Warning] Aborted connection 263 to db: 'drakars' user: 'drakars_user' host: 'drakcar-api.caronte_cars_default' (Got an error reading communication packets)
2022-04-05 20:20:34 262 [Warning] Aborted connection 262 to db: 'drakars' user: 'drakars_user' host: 'drakcar-api.caronte_cars_default' (Got an error reading communication packets)
2022-04-05 20:21:28 264 [Warning] Aborted connection 264 to db: 'drakars' user: 'drakars_user' host: 'drakcar-api.caronte_cars_default' (Got an error reading communication packets)
2022-04-05 20:21:28 265 [Warning] Aborted connection 265 to db: 'drakars' user: 'drakars_user' host: 'drakcar-api.caronte_cars_default' (Got an error reading communication packets)
2022-04-05 20:21:37 267 [Warning] Aborted connection 267 to db: 'drakars' user: 'drakars_user' host: 'drakcar-api.caronte_cars_default' (Got an error reading communication packets)
2022-04-05 20:21:37 266 [Warning] Aborted connection 266 to db: 'drakars' user: 'drakars_user' host: 'drakcar-api.caronte_cars_default' (Got an error reading communication packets)
2022-04-05 20:21:41 268 [Warning] Aborted connection 268 to db: 'drakars' user: 'drakars_user' host: 'drakcar-api.caronte_cars_default' (Got an error reading communication packets)
2022-04-05 20:21:41 269 [Warning] Aborted connection 269 to db: 'drakars' user: 'drakars_user' host: 'drakcar-api.caronte_cars_default' (Got an error reading communication packets)
2022-04-05 20:22:09 271 [Warning] Aborted connection 271 to db: 'drakars' user: 'drakars_user' host: 'drakcar-api.caronte_cars_default' (Got an error reading communication packets)
2022-04-05 20:22:09 270 [Warning] Aborted connection 270 to db: 'drakars' user: 'drakars_user' host: 'drakcar-api.caronte_cars_default' (Got an error reading communication packets)
2022-04-05 20:25:30 273 [Warning] Aborted connection 273 to db: 'drakars' user: 'drakars_user' host: 'drakcar-api.caronte_cars_default' (Got an error reading communication packets)
2022-04-05 20:25:30 272 [Warning] Aborted connection 272 to db: 'drakars' user: 'drakars_user' host: 'drakcar-api.caronte_cars_default' (Got an error reading communication packets)
2022-04-05 20:27:26 275 [Warning] Aborted connection 275 to db: 'drakars' user: 'drakars_user' host: 'drakcar-api.caronte_cars_default' (Got an error reading communication packets)
2022-04-05 20:27:26 274 [Warning] Aborted connection 274 to db: 'drakars' user: 'drakars_user' host: 'drakcar-api.caronte_cars_default' (Got an error reading communication packets)
2022-04-05 20:28:14 277 [Warning] Aborted connection 277 to db: 'drakars' user: 'drakars_user' host: 'drakcar-api.caronte_cars_default' (Got an error reading communication packets)
2022-04-05 20:28:14 276 [Warning] Aborted connection 276 to db: 'drakars' user: 'drakars_user' host: 'drakcar-api.caronte_cars_default' (Got an error reading communication packets)
2022-04-05 20:28:48 279 [Warning] Aborted connection 279 to db: 'drakars' user: 'drakars_user' host: 'drakcar-api.caronte_cars_default' (Got an error reading communication packets)
2022-04-05 20:28:48 278 [Warning] Aborted connection 278 to db: 'drakars' user: 'drakars_user' host: 'drakcar-api.caronte_cars_default' (Got an error reading communication packets)
2022-04-05 20:28:59 281 [Warning] Aborted connection 281 to db: 'drakars' user: 'drakars_user' host: 'drakcar-api.caronte_cars_default' (Got an error reading communication packets)
2022-04-05 20:28:59 280 [Warning] Aborted connection 280 to db: 'drakars' user: 'drakars_user' host: 'drakcar-api.caronte_cars_default' (Got an error reading communication packets)
2022-04-05 20:30:07 282 [Warning] Aborted connection 282 to db: 'drakars' user: 'drakars_user' host: 'drakcar-api.caronte_cars_default' (Got an error reading communication packets)
2022-04-05 20:30:07 283 [Warning] Aborted connection 283 to db: 'drakars' user: 'drakars_user' host: 'drakcar-api.caronte_cars_default' (Got an error reading communication packets)
2022-04-05 20:30:29 284 [Warning] Aborted connection 284 to db: 'drakars' user: 'drakars_user' host: 'drakcar-api.caronte_cars_default' (Got an error reading communication packets)
2022-04-05 20:30:29 285 [Warning] Aborted connection 285 to db: 'drakars' user: 'drakars_user' host: 'drakcar-api.caronte_cars_default' (Got an error reading communication packets)
2022-04-05 20:30:31 287 [Warning] Aborted connection 287 to db: 'drakars' user: 'drakars_user' host: 'drakcar-api.caronte_cars_default' (Got an error reading communication packets)
2022-04-05 20:30:31 286 [Warning] Aborted connection 286 to db: 'drakars' user: 'drakars_user' host: 'drakcar-api.caronte_cars_default' (Got an error reading communication packets)
2022-04-05 20:36:01 288 [Warning] Aborted connection 288 to db: 'drakars' user: 'drakars_user' host: 'drakcar-api.caronte_cars_default' (Got an error reading communication packets)
2022-04-05 20:36:01 289 [Warning] Aborted connection 289 to db: 'drakars' user: 'drakars_user' host: 'drakcar-api.caronte_cars_default' (Got an error reading communication packets)
2022-04-05 20:36:33 290 [Warning] Aborted connection 290 to db: 'drakars' user: 'drakars_user' host: 'drakcar-api.caronte_cars_default' (Got an error reading communication packets)
2022-04-05 20:36:33 291 [Warning] Aborted connection 291 to db: 'drakars' user: 'drakars_user' host: 'drakcar-api.caronte_cars_default' (Got an error reading communication packets)
2022-04-05 20:40:30 293 [Warning] Aborted connection 293 to db: 'drakars' user: 'drakars_user' host: 'drakcar-api.caronte_cars_default' (Got an error reading communication packets)
2022-04-05 20:40:30 292 [Warning] Aborted connection 292 to db: 'drakars' user: 'drakars_user' host: 'drakcar-api.caronte_cars_default' (Got an error reading communication packets)
2022-04-05 20:50:31 294 [Warning] Aborted connection 294 to db: 'drakars' user: 'drakars_user' host: 'drakcar-api.caronte_cars_default' (Got timeout reading communication packets)
2022-04-05 20:50:31 295 [Warning] Aborted connection 295 to db: 'drakars' user: 'drakars_user' host: 'drakcar-api.caronte_cars_default' (Got timeout reading communication packets)
2022-04-05 21:59:09 297 [Warning] Aborted connection 297 to db: 'drakars' user: 'drakars_user' host: 'drakcar-api.caronte_cars_default' (Got an error reading communication packets)
2022-04-05 21:59:09 296 [Warning] Aborted connection 296 to db: 'drakars' user: 'drakars_user' host: 'drakcar-api.caronte_cars_default' (Got an error reading communication packets)
2022-04-05 21:59:09 0 [Note] /usr/bin/mariadbd (initiated by: unknown): Normal shutdown
2022-04-05 21:59:09 0 [Note] Event Scheduler: Purging the queue. 0 events
2022-04-05 21:59:09 0 [Note] InnoDB: FTS optimize thread exiting.
2022-04-05 21:59:09 0 [Note] InnoDB: Starting shutdown...
2022-04-05 21:59:09 0 [Note] InnoDB: Dumping buffer pool(s) to /config/databases/ib_buffer_pool
2022-04-05 21:59:09 0 [Note] InnoDB: Buffer pool(s) dump completed at 220405 21:59:09
2022-04-05 21:59:09 0 [Note] InnoDB: Removed temporary tablespace data file: "ibtmp1"
2022-04-05 21:59:09 0 [Note] InnoDB: Shutdown completed; log sequence number 54134; transaction id 68
2022-04-05 21:59:09 0 [Note] /usr/bin/mariadbd: Shutdown complete

220405 21:59:09 mysqld_safe mysqld from pid file /var/run/mysqld/mysqld.pid ended
220405 21:59:23 mysqld_safe Starting mariadbd daemon with databases from /config/databases
2022-04-05 21:59:23 0 [Note] /usr/bin/mariadbd (mysqld 10.5.15-MariaDB-log) starting as process 521 ...
2022-04-05 21:59:23 0 [Note] InnoDB: Uses event mutexes
2022-04-05 21:59:23 0 [Note] InnoDB: Compressed tables use zlib 1.2.11
2022-04-05 21:59:23 0 [Note] InnoDB: Number of pools: 1
2022-04-05 21:59:23 0 [Note] InnoDB: Using crc32 + pclmulqdq instructions
2022-04-05 21:59:23 0 [Note] mariadbd: O_TMPFILE is not supported on /var/tmp (disabling future attempts)
2022-04-05 21:59:23 0 [Note] InnoDB: Using Linux native AIO
2022-04-05 21:59:24 0 [Note] InnoDB: Initializing buffer pool, total size = 268435456, chunk size = 134217728
2022-04-05 21:59:24 0 [Note] InnoDB: Completed initialization of buffer pool
2022-04-05 21:59:24 0 [Note] InnoDB: 128 rollback segments are active.
2022-04-05 21:59:24 0 [Note] InnoDB: Creating shared tablespace for temporary tables
2022-04-05 21:59:24 0 [Note] InnoDB: Setting file './ibtmp1' size to 12 MB. Physically writing the file full; Please wait ...
2022-04-05 21:59:24 0 [Note] InnoDB: File './ibtmp1' size is now 12 MB.
2022-04-05 21:59:24 0 [Note] InnoDB: 10.5.15 started; log sequence number 54134; transaction id 69
2022-04-05 21:59:24 0 [Note] Plugin 'FEEDBACK' is disabled.
2022-04-05 21:59:24 0 [Note] InnoDB: Loading buffer pool(s) from /config/databases/ib_buffer_pool
2022-04-05 21:59:24 0 [Note] InnoDB: Buffer pool(s) load completed at 220405 21:59:24
2022-04-05 21:59:24 0 [Note] Server socket created on IP: '::'.
2022-04-05 21:59:24 0 [Note] Reading of all Master_info entries succeeded
2022-04-05 21:59:24 0 [Note] Added new Master_info '' to hash table
2022-04-05 21:59:24 0 [Note] /usr/bin/mariadbd: ready for connections.
Version: '10.5.15-MariaDB-log'  socket: '/run/mysqld/mysqld.sock'  port: 3306  MariaDB Server
2022-04-05 22:09:56 4 [Warning] Aborted connection 4 to db: 'drakars' user: 'drakars_user' host: 'drakcar-api.caronte_cars_default' (Got timeout reading communication packets)
2022-04-05 22:09:56 5 [Warning] Aborted connection 5 to db: 'drakars' user: 'drakars_user' host: 'drakcar-api.caronte_cars_default' (Got timeout reading communication packets)
2022-04-05 23:13:11 0 [Note] /usr/bin/mariadbd (initiated by: unknown): Normal shutdown
2022-04-05 23:13:11 0 [Note] Event Scheduler: Purging the queue. 0 events
2022-04-05 23:13:11 0 [Note] InnoDB: FTS optimize thread exiting.
2022-04-05 23:13:11 0 [Note] InnoDB: Starting shutdown...
2022-04-05 23:13:11 0 [Note] InnoDB: Dumping buffer pool(s) to /config/databases/ib_buffer_pool
2022-04-05 23:13:11 0 [Note] InnoDB: Buffer pool(s) dump completed at 220405 23:13:11
2022-04-05 23:13:11 0 [Note] InnoDB: Removed temporary tablespace data file: "ibtmp1"
2022-04-05 23:13:11 0 [Note] InnoDB: Shutdown completed; log sequence number 54146; transaction id 71
2022-04-05 23:13:11 0 [Note] /usr/bin/mariadbd: Shutdown complete

220405 23:13:11 mysqld_safe mysqld from pid file /var/run/mysqld/mysqld.pid ended
220406 18:38:45 mysqld_safe Starting mariadbd daemon with databases from /config/databases
2022-04-06 18:38:45 0 [Note] /usr/bin/mariadbd (mysqld 10.5.15-MariaDB-log) starting as process 521 ...
2022-04-06 18:38:45 0 [Note] InnoDB: Uses event mutexes
2022-04-06 18:38:45 0 [Note] InnoDB: Compressed tables use zlib 1.2.11
2022-04-06 18:38:45 0 [Note] InnoDB: Number of pools: 1
2022-04-06 18:38:45 0 [Note] InnoDB: Using crc32 + pclmulqdq instructions
2022-04-06 18:38:45 0 [Note] mariadbd: O_TMPFILE is not supported on /var/tmp (disabling future attempts)
2022-04-06 18:38:45 0 [Note] InnoDB: Using Linux native AIO
2022-04-06 18:38:45 0 [Note] InnoDB: Initializing buffer pool, total size = 268435456, chunk size = 134217728
2022-04-06 18:38:45 0 [Note] InnoDB: Completed initialization of buffer pool
2022-04-06 18:38:45 0 [Note] InnoDB: 128 rollback segments are active.
2022-04-06 18:38:45 0 [Note] InnoDB: Creating shared tablespace for temporary tables
2022-04-06 18:38:45 0 [Note] InnoDB: Setting file './ibtmp1' size to 12 MB. Physically writing the file full; Please wait ...
2022-04-06 18:38:45 0 [Note] InnoDB: File './ibtmp1' size is now 12 MB.
2022-04-06 18:38:45 0 [Note] InnoDB: 10.5.15 started; log sequence number 54146; transaction id 69
2022-04-06 18:38:45 0 [Note] Plugin 'FEEDBACK' is disabled.
2022-04-06 18:38:45 0 [Note] InnoDB: Loading buffer pool(s) from /config/databases/ib_buffer_pool
2022-04-06 18:38:45 0 [Note] InnoDB: Buffer pool(s) load completed at 220406 18:38:45
2022-04-06 18:38:45 0 [Note] Server socket created on IP: '::'.
2022-04-06 18:38:45 0 [Note] Reading of all Master_info entries succeeded
2022-04-06 18:38:45 0 [Note] Added new Master_info '' to hash table
2022-04-06 18:38:45 0 [Note] /usr/bin/mariadbd: ready for connections.
Version: '10.5.15-MariaDB-log'  socket: '/run/mysqld/mysqld.sock'  port: 3306  MariaDB Server
2022-04-06 18:49:13 4 [Warning] Aborted connection 4 to db: 'drakars' user: 'drakars_user' host: 'drakcar-api.caronte_cars_default' (Got timeout reading communication packets)
2022-04-06 18:49:13 5 [Warning] Aborted connection 5 to db: 'drakars' user: 'drakars_user' host: 'drakcar-api.caronte_cars_default' (Got timeout reading communication packets)
2022-04-06 20:33:16 7 [Warning] Aborted connection 7 to db: 'drakars' user: 'drakars_user' host: 'drakcar-api.caronte_cars_default' (Got an error reading communication packets)
2022-04-06 20:33:16 6 [Warning] Aborted connection 6 to db: 'drakars' user: 'drakars_user' host: 'drakcar-api.caronte_cars_default' (Got an error reading communication packets)
2022-04-06 20:41:58 9 [Warning] Aborted connection 9 to db: 'drakars' user: 'drakars_user' host: 'drakcar-api.caronte_cars_default' (Got an error reading communication packets)
2022-04-06 20:41:58 8 [Warning] Aborted connection 8 to db: 'drakars' user: 'drakars_user' host: 'drakcar-api.caronte_cars_default' (Got an error reading communication packets)
2022-04-06 20:42:26 10 [Warning] Aborted connection 10 to db: 'drakars' user: 'drakars_user' host: 'drakcar-api.caronte_cars_default' (Got an error reading communication packets)
2022-04-06 20:42:26 11 [Warning] Aborted connection 11 to db: 'drakars' user: 'drakars_user' host: 'drakcar-api.caronte_cars_default' (Got an error reading communication packets)
2022-04-06 20:42:42 13 [Warning] Aborted connection 13 to db: 'drakars' user: 'drakars_user' host: 'drakcar-api.caronte_cars_default' (Got an error reading communication packets)
2022-04-06 20:42:42 12 [Warning] Aborted connection 12 to db: 'drakars' user: 'drakars_user' host: 'drakcar-api.caronte_cars_default' (Got an error reading communication packets)
2022-04-06 20:44:52 15 [Warning] Aborted connection 15 to db: 'drakars' user: 'drakars_user' host: 'drakcar-api.caronte_cars_default' (Got an error reading communication packets)
2022-04-06 20:44:52 14 [Warning] Aborted connection 14 to db: 'drakars' user: 'drakars_user' host: 'drakcar-api.caronte_cars_default' (Got an error reading communication packets)
2022-04-06 20:54:54 16 [Warning] Aborted connection 16 to db: 'drakars' user: 'drakars_user' host: 'drakcar-api.caronte_cars_default' (Got timeout reading communication packets)
2022-04-06 20:54:54 17 [Warning] Aborted connection 17 to db: 'drakars' user: 'drakars_user' host: 'drakcar-api.caronte_cars_default' (Got timeout reading communication packets)
2022-04-06 21:05:55 18 [Warning] Aborted connection 18 to db: 'drakars' user: 'drakars_user' host: 'drakcar-api.caronte_cars_default' (Got timeout reading communication packets)
2022-04-06 21:05:55 19 [Warning] Aborted connection 19 to db: 'drakars' user: 'drakars_user' host: 'drakcar-api.caronte_cars_default' (Got timeout reading communication packets)
220410 14:44:59 mysqld_safe Starting mariadbd daemon with databases from /config/databases
2022-04-10 14:44:59 0 [Note] /usr/bin/mariadbd (mysqld 10.5.15-MariaDB-log) starting as process 523 ...
2022-04-10 14:44:59 0 [Note] InnoDB: Uses event mutexes
2022-04-10 14:44:59 0 [Note] InnoDB: Compressed tables use zlib 1.2.11
2022-04-10 14:44:59 0 [Note] InnoDB: Number of pools: 1
2022-04-10 14:44:59 0 [Note] InnoDB: Using crc32 + pclmulqdq instructions
2022-04-10 14:44:59 0 [Note] mariadbd: O_TMPFILE is not supported on /var/tmp (disabling future attempts)
2022-04-10 14:44:59 0 [Note] InnoDB: Using Linux native AIO
2022-04-10 14:44:59 0 [Note] InnoDB: Initializing buffer pool, total size = 268435456, chunk size = 134217728
2022-04-10 14:44:59 0 [Note] InnoDB: Completed initialization of buffer pool
2022-04-10 14:44:59 0 [Note] InnoDB: Starting crash recovery from checkpoint LSN=54146,54146
2022-04-10 14:44:59 0 [Note] InnoDB: Last binlog file '/config/log/mysql/mariadb-bin.000004', position 2241
2022-04-10 14:44:59 0 [Note] InnoDB: 128 rollback segments are active.
2022-04-10 14:44:59 0 [Note] InnoDB: Removed temporary tablespace data file: "ibtmp1"
2022-04-10 14:44:59 0 [Note] InnoDB: Creating shared tablespace for temporary tables
2022-04-10 14:44:59 0 [Note] InnoDB: Setting file './ibtmp1' size to 12 MB. Physically writing the file full; Please wait ...
2022-04-10 14:44:59 0 [Note] InnoDB: File './ibtmp1' size is now 12 MB.
2022-04-10 14:44:59 0 [Note] InnoDB: 10.5.15 started; log sequence number 54158; transaction id 69
2022-04-10 14:44:59 0 [Note] Plugin 'FEEDBACK' is disabled.
2022-04-10 14:44:59 0 [Note] InnoDB: Loading buffer pool(s) from /config/databases/ib_buffer_pool
2022-04-10 14:44:59 0 [Note] InnoDB: Buffer pool(s) load completed at 220410 14:44:59
2022-04-10 14:44:59 0 [Note] Recovering after a crash using /config/log/mysql/mariadb-bin
2022-04-10 14:44:59 0 [Note] Starting crash recovery...
2022-04-10 14:44:59 0 [Note] Crash recovery finished.
2022-04-10 14:44:59 0 [Note] Server socket created on IP: '::'.
2022-04-10 14:44:59 0 [Note] Reading of all Master_info entries succeeded
2022-04-10 14:44:59 0 [Note] Added new Master_info '' to hash table
2022-04-10 14:44:59 0 [Note] /usr/bin/mariadbd: ready for connections.
Version: '10.5.15-MariaDB-log'  socket: '/run/mysqld/mysqld.sock'  port: 3306  MariaDB Server
2022-04-10 14:55:32 4 [Warning] Aborted connection 4 to db: 'drakars' user: 'drakars_user' host: 'drakcar-api.caronte_cars_default' (Got timeout reading communication packets)
2022-04-10 14:55:32 5 [Warning] Aborted connection 5 to db: 'drakars' user: 'drakars_user' host: 'drakcar-api.caronte_cars_default' (Got timeout reading communication packets)
2022-04-10 15:01:58 7 [Warning] Aborted connection 7 to db: 'drakars' user: 'drakars_user' host: 'drakcar-api.caronte_cars_default' (Got an error reading communication packets)
2022-04-10 15:01:58 6 [Warning] Aborted connection 6 to db: 'drakars' user: 'drakars_user' host: 'drakcar-api.caronte_cars_default' (Got an error reading communication packets)
2022-04-10 15:02:17 9 [Warning] Aborted connection 9 to db: 'drakars' user: 'drakars_user' host: 'drakcar-api.caronte_cars_default' (Got an error reading communication packets)
2022-04-10 15:02:17 8 [Warning] Aborted connection 8 to db: 'drakars' user: 'drakars_user' host: 'drakcar-api.caronte_cars_default' (Got an error reading communication packets)
2022-04-10 15:12:19 11 [Warning] Aborted connection 11 to db: 'drakars' user: 'drakars_user' host: 'drakcar-api.caronte_cars_default' (Got timeout reading communication packets)
2022-04-10 15:12:19 10 [Warning] Aborted connection 10 to db: 'drakars' user: 'drakars_user' host: 'drakcar-api.caronte_cars_default' (Got timeout reading communication packets)
2022-04-10 15:16:16 13 [Warning] Aborted connection 13 to db: 'drakars' user: 'drakars_user' host: 'drakcar-api.caronte_cars_default' (Got an error reading communication packets)
2022-04-10 15:16:16 12 [Warning] Aborted connection 12 to db: 'drakars' user: 'drakars_user' host: 'drakcar-api.caronte_cars_default' (Got an error reading communication packets)
2022-04-10 15:17:21 15 [Warning] Aborted connection 15 to db: 'drakars' user: 'drakars_user' host: 'drakcar-api.caronte_cars_default' (Got an error reading communication packets)
2022-04-10 15:17:21 14 [Warning] Aborted connection 14 to db: 'drakars' user: 'drakars_user' host: 'drakcar-api.caronte_cars_default' (Got an error reading communication packets)
2022-04-10 15:17:27 17 [Warning] Aborted connection 17 to db: 'drakars' user: 'drakars_user' host: 'drakcar-api.caronte_cars_default' (Got an error reading communication packets)
2022-04-10 15:17:27 16 [Warning] Aborted connection 16 to db: 'drakars' user: 'drakars_user' host: 'drakcar-api.caronte_cars_default' (Got an error reading communication packets)
2022-04-10 15:17:46 19 [Warning] Aborted connection 19 to db: 'drakars' user: 'drakars_user' host: 'drakcar-api.caronte_cars_default' (Got an error reading communication packets)
2022-04-10 15:17:46 18 [Warning] Aborted connection 18 to db: 'drakars' user: 'drakars_user' host: 'drakcar-api.caronte_cars_default' (Got an error reading communication packets)
2022-04-10 15:17:57 21 [Warning] Aborted connection 21 to db: 'drakars' user: 'drakars_user' host: 'drakcar-api.caronte_cars_default' (Got an error reading communication packets)
2022-04-10 15:17:57 20 [Warning] Aborted connection 20 to db: 'drakars' user: 'drakars_user' host: 'drakcar-api.caronte_cars_default' (Got an error reading communication packets)
2022-04-10 15:18:03 23 [Warning] Aborted connection 23 to db: 'drakars' user: 'drakars_user' host: 'drakcar-api.caronte_cars_default' (Got an error reading communication packets)
2022-04-10 15:18:03 22 [Warning] Aborted connection 22 to db: 'drakars' user: 'drakars_user' host: 'drakcar-api.caronte_cars_default' (Got an error reading communication packets)
2022-04-10 15:18:19 25 [Warning] Aborted connection 25 to db: 'drakars' user: 'drakars_user' host: 'drakcar-api.caronte_cars_default' (Got an error reading communication packets)
2022-04-10 15:18:19 24 [Warning] Aborted connection 24 to db: 'drakars' user: 'drakars_user' host: 'drakcar-api.caronte_cars_default' (Got an error reading communication packets)
2022-04-10 15:18:42 26 [Warning] Aborted connection 26 to db: 'drakars' user: 'drakars_user' host: 'drakcar-api.caronte_cars_default' (Got an error reading communication packets)
2022-04-10 15:18:42 27 [Warning] Aborted connection 27 to db: 'drakars' user: 'drakars_user' host: 'drakcar-api.caronte_cars_default' (Got an error reading communication packets)
2022-04-10 15:19:03 29 [Warning] Aborted connection 29 to db: 'drakars' user: 'drakars_user' host: 'drakcar-api.caronte_cars_default' (Got an error reading communication packets)
2022-04-10 15:19:03 28 [Warning] Aborted connection 28 to db: 'drakars' user: 'drakars_user' host: 'drakcar-api.caronte_cars_default' (Got an error reading communication packets)
2022-04-10 15:20:00 31 [Warning] Aborted connection 31 to db: 'drakars' user: 'drakars_user' host: 'drakcar-api.caronte_cars_default' (Got an error reading communication packets)
2022-04-10 15:20:00 30 [Warning] Aborted connection 30 to db: 'drakars' user: 'drakars_user' host: 'drakcar-api.caronte_cars_default' (Got an error reading communication packets)
2022-04-10 15:48:30 33 [Warning] Aborted connection 33 to db: 'drakars' user: 'drakars_user' host: 'drakcar-api.caronte_cars_default' (Got an error reading communication packets)
2022-04-10 15:48:30 32 [Warning] Aborted connection 32 to db: 'drakars' user: 'drakars_user' host: 'drakcar-api.caronte_cars_default' (Got an error reading communication packets)
2022-04-10 15:53:50 38 [Warning] Aborted connection 38 to db: 'drakars' user: 'drakars_user' host: 'drakcar-api.caronte_cars_default' (Got an error reading communication packets)
2022-04-10 15:53:50 37 [Warning] Aborted connection 37 to db: 'drakars' user: 'drakars_user' host: 'drakcar-api.caronte_cars_default' (Got an error reading communication packets)
2022-04-10 15:53:50 36 [Warning] Aborted connection 36 to db: 'drakars' user: 'drakars_user' host: 'drakcar-api.caronte_cars_default' (Got an error reading communication packets)
2022-04-10 15:56:37 40 [Warning] Aborted connection 40 to db: 'drakars' user: 'drakars_user' host: 'drakcar-api.caronte_cars_default' (Got an error reading communication packets)
2022-04-10 15:56:37 39 [Warning] Aborted connection 39 to db: 'drakars' user: 'drakars_user' host: 'drakcar-api.caronte_cars_default' (Got an error reading communication packets)
2022-04-10 15:56:54 42 [Warning] Aborted connection 42 to db: 'drakars' user: 'drakars_user' host: 'drakcar-api.caronte_cars_default' (Got an error reading communication packets)
2022-04-10 15:56:54 41 [Warning] Aborted connection 41 to db: 'drakars' user: 'drakars_user' host: 'drakcar-api.caronte_cars_default' (Got an error reading communication packets)
2022-04-10 15:58:18 44 [Warning] Aborted connection 44 to db: 'drakars' user: 'drakars_user' host: 'drakcar-api.caronte_cars_default' (Got an error reading communication packets)
2022-04-10 15:58:18 43 [Warning] Aborted connection 43 to db: 'drakars' user: 'drakars_user' host: 'drakcar-api.caronte_cars_default' (Got an error reading communication packets)
2022-04-10 16:01:41 47 [Warning] Aborted connection 47 to db: 'drakars' user: 'drakars_user' host: 'drakcar-api.caronte_cars_default' (Got an error reading communication packets)
2022-04-10 16:01:41 46 [Warning] Aborted connection 46 to db: 'drakars' user: 'drakars_user' host: 'drakcar-api.caronte_cars_default' (Got an error reading communication packets)
2022-04-10 16:01:41 45 [Warning] Aborted connection 45 to db: 'drakars' user: 'drakars_user' host: 'drakcar-api.caronte_cars_default' (Got an error reading communication packets)
2022-04-10 16:07:53 50 [Warning] Aborted connection 50 to db: 'drakars' user: 'drakars_user' host: 'drakcar-api.caronte_cars_default' (Got an error reading communication packets)
2022-04-10 16:07:53 49 [Warning] Aborted connection 49 to db: 'drakars' user: 'drakars_user' host: 'drakcar-api.caronte_cars_default' (Got an error reading communication packets)
2022-04-10 16:07:53 48 [Warning] Aborted connection 48 to db: 'drakars' user: 'drakars_user' host: 'drakcar-api.caronte_cars_default' (Got an error reading communication packets)
2022-04-10 16:08:35 52 [Warning] Aborted connection 52 to db: 'drakars' user: 'drakars_user' host: 'drakcar-api.caronte_cars_default' (Got an error reading communication packets)
2022-04-10 16:08:35 51 [Warning] Aborted connection 51 to db: 'drakars' user: 'drakars_user' host: 'drakcar-api.caronte_cars_default' (Got an error reading communication packets)
2022-04-10 16:09:11 54 [Warning] Aborted connection 54 to db: 'drakars' user: 'drakars_user' host: 'drakcar-api.caronte_cars_default' (Got an error reading communication packets)
2022-04-10 16:09:11 53 [Warning] Aborted connection 53 to db: 'drakars' user: 'drakars_user' host: 'drakcar-api.caronte_cars_default' (Got an error reading communication packets)
2022-04-10 16:10:23 56 [Warning] Aborted connection 56 to db: 'drakars' user: 'drakars_user' host: 'drakcar-api.caronte_cars_default' (Got an error reading communication packets)
2022-04-10 16:10:23 55 [Warning] Aborted connection 55 to db: 'drakars' user: 'drakars_user' host: 'drakcar-api.caronte_cars_default' (Got an error reading communication packets)
2022-04-10 16:12:34 58 [Warning] Aborted connection 58 to db: 'drakars' user: 'drakars_user' host: 'drakcar-api.caronte_cars_default' (Got an error reading communication packets)
2022-04-10 16:12:34 57 [Warning] Aborted connection 57 to db: 'drakars' user: 'drakars_user' host: 'drakcar-api.caronte_cars_default' (Got an error reading communication packets)
2022-04-10 16:22:35 59 [Warning] Aborted connection 59 to db: 'drakars' user: 'drakars_user' host: 'drakcar-api.caronte_cars_default' (Got timeout reading communication packets)
2022-04-10 19:46:58 61 [Warning] Aborted connection 61 to db: 'drakars' user: 'drakars_user' host: 'drakcar-api.caronte_cars_default' (Got timeout reading communication packets)
2022-04-10 19:51:59 60 [Warning] Aborted connection 60 to db: 'drakars' user: 'drakars_user' host: 'drakcar-api.caronte_cars_default' (Got timeout reading communication packets)
2022-04-10 20:35:53 63 [Warning] Aborted connection 63 to db: 'drakars' user: 'drakars_user' host: 'drakcar-api.caronte_cars_default' (Got an error reading communication packets)
2022-04-10 20:35:53 62 [Warning] Aborted connection 62 to db: 'drakars' user: 'drakars_user' host: 'drakcar-api.caronte_cars_default' (Got an error reading communication packets)
2022-04-10 20:43:26 65 [Warning] Aborted connection 65 to db: 'drakars' user: 'drakars_user' host: 'drakcar-api.caronte_cars_default' (Got an error reading communication packets)
2022-04-10 20:43:26 64 [Warning] Aborted connection 64 to db: 'drakars' user: 'drakars_user' host: 'drakcar-api.caronte_cars_default' (Got an error reading communication packets)
2022-04-10 20:45:30 67 [Warning] Aborted connection 67 to db: 'drakars' user: 'drakars_user' host: 'drakcar-api.caronte_cars_default' (Got an error reading communication packets)
2022-04-10 20:45:30 66 [Warning] Aborted connection 66 to db: 'drakars' user: 'drakars_user' host: 'drakcar-api.caronte_cars_default' (Got an error reading communication packets)
2022-04-10 20:47:55 69 [Warning] Aborted connection 69 to db: 'drakars' user: 'drakars_user' host: 'drakcar-api.caronte_cars_default' (Got an error reading communication packets)
2022-04-10 20:47:55 68 [Warning] Aborted connection 68 to db: 'drakars' user: 'drakars_user' host: 'drakcar-api.caronte_cars_default' (Got an error reading communication packets)
2022-04-10 20:49:35 71 [Warning] Aborted connection 71 to db: 'drakars' user: 'drakars_user' host: 'drakcar-api.caronte_cars_default' (Got an error reading communication packets)
2022-04-10 20:49:35 70 [Warning] Aborted connection 70 to db: 'drakars' user: 'drakars_user' host: 'drakcar-api.caronte_cars_default' (Got an error reading communication packets)
2022-04-10 20:51:44 73 [Warning] Aborted connection 73 to db: 'drakars' user: 'drakars_user' host: 'drakcar-api.caronte_cars_default' (Got an error reading communication packets)
2022-04-10 20:51:44 72 [Warning] Aborted connection 72 to db: 'drakars' user: 'drakars_user' host: 'drakcar-api.caronte_cars_default' (Got an error reading communication packets)
2022-04-10 20:52:37 75 [Warning] Aborted connection 75 to db: 'drakars' user: 'drakars_user' host: 'drakcar-api.caronte_cars_default' (Got an error reading communication packets)
2022-04-10 20:52:37 74 [Warning] Aborted connection 74 to db: 'drakars' user: 'drakars_user' host: 'drakcar-api.caronte_cars_default' (Got an error reading communication packets)
2022-04-10 20:53:07 76 [Warning] Aborted connection 76 to db: 'drakars' user: 'drakars_user' host: 'drakcar-api.caronte_cars_default' (Got an error reading communication packets)
2022-04-10 20:53:07 77 [Warning] Aborted connection 77 to db: 'drakars' user: 'drakars_user' host: 'drakcar-api.caronte_cars_default' (Got an error reading communication packets)
2022-04-10 21:23:34 79 [Warning] Aborted connection 79 to db: 'drakars' user: 'drakars_user' host: 'drakcar-api.caronte_cars_default' (Got an error reading communication packets)
2022-04-10 21:23:34 78 [Warning] Aborted connection 78 to db: 'drakars' user: 'drakars_user' host: 'drakcar-api.caronte_cars_default' (Got an error reading communication packets)
2022-04-10 21:24:32 81 [Warning] Aborted connection 81 to db: 'drakars' user: 'drakars_user' host: 'drakcar-api.caronte_cars_default' (Got an error reading communication packets)
2022-04-10 21:24:32 80 [Warning] Aborted connection 80 to db: 'drakars' user: 'drakars_user' host: 'drakcar-api.caronte_cars_default' (Got an error reading communication packets)
2022-04-10 21:30:53 83 [Warning] Aborted connection 83 to db: 'drakars' user: 'drakars_user' host: 'drakcar-api.caronte_cars_default' (Got an error reading communication packets)
2022-04-10 21:30:53 82 [Warning] Aborted connection 82 to db: 'drakars' user: 'drakars_user' host: 'drakcar-api.caronte_cars_default' (Got an error reading communication packets)
2022-04-10 21:30:53 84 [Warning] Aborted connection 84 to db: 'drakars' user: 'drakars_user' host: 'drakcar-api.caronte_cars_default' (Got an error reading communication packets)
2022-04-10 21:40:21 86 [Warning] Aborted connection 86 to db: 'drakars' user: 'drakars_user' host: 'drakcar-api.caronte_cars_default' (Got an error reading communication packets)
2022-04-10 21:40:21 85 [Warning] Aborted connection 85 to db: 'drakars' user: 'drakars_user' host: 'drakcar-api.caronte_cars_default' (Got an error reading communication packets)
2022-04-10 21:46:39 89 [Warning] Aborted connection 89 to db: 'drakars' user: 'drakars_user' host: 'drakcar-api.caronte_cars_default' (Got an error reading communication packets)
2022-04-10 21:46:39 88 [Warning] Aborted connection 88 to db: 'drakars' user: 'drakars_user' host: 'drakcar-api.caronte_cars_default' (Got an error reading communication packets)
2022-04-10 21:46:39 87 [Warning] Aborted connection 87 to db: 'drakars' user: 'drakars_user' host: 'drakcar-api.caronte_cars_default' (Got an error reading communication packets)
2022-04-10 21:47:34 91 [Warning] Aborted connection 91 to db: 'drakars' user: 'drakars_user' host: 'drakcar-api.caronte_cars_default' (Got an error reading communication packets)
2022-04-10 21:47:34 90 [Warning] Aborted connection 90 to db: 'drakars' user: 'drakars_user' host: 'drakcar-api.caronte_cars_default' (Got an error reading communication packets)
2022-04-10 21:51:58 92 [Warning] Aborted connection 92 to db: 'drakars' user: 'drakars_user' host: 'drakcar-api.caronte_cars_default' (Got an error reading communication packets)
2022-04-10 21:51:58 93 [Warning] Aborted connection 93 to db: 'drakars' user: 'drakars_user' host: 'drakcar-api.caronte_cars_default' (Got an error reading communication packets)
2022-04-10 21:53:45 94 [Warning] Aborted connection 94 to db: 'drakars' user: 'drakars_user' host: 'drakcar-api.caronte_cars_default' (Got an error reading communication packets)
2022-04-10 21:53:45 95 [Warning] Aborted connection 95 to db: 'drakars' user: 'drakars_user' host: 'drakcar-api.caronte_cars_default' (Got an error reading communication packets)
2022-04-10 21:54:36 96 [Warning] Aborted connection 96 to db: 'drakars' user: 'drakars_user' host: 'drakcar-api.caronte_cars_default' (Got an error reading communication packets)
2022-04-10 21:54:36 97 [Warning] Aborted connection 97 to db: 'drakars' user: 'drakars_user' host: 'drakcar-api.caronte_cars_default' (Got an error reading communication packets)
2022-04-10 21:55:00 99 [Warning] Aborted connection 99 to db: 'drakars' user: 'drakars_user' host: 'drakcar-api.caronte_cars_default' (Got an error reading communication packets)
2022-04-10 21:55:00 98 [Warning] Aborted connection 98 to db: 'drakars' user: 'drakars_user' host: 'drakcar-api.caronte_cars_default' (Got an error reading communication packets)
2022-04-10 22:04:17 102 [Warning] Aborted connection 102 to db: 'drakars' user: 'drakars_user' host: 'drakcar-api.caronte_cars_default' (Got an error reading communication packets)
2022-04-10 22:04:17 101 [Warning] Aborted connection 101 to db: 'drakars' user: 'drakars_user' host: 'drakcar-api.caronte_cars_default' (Got an error reading communication packets)
2022-04-10 22:04:17 100 [Warning] Aborted connection 100 to db: 'drakars' user: 'drakars_user' host: 'drakcar-api.caronte_cars_default' (Got an error reading communication packets)
2022-04-10 22:04:33 104 [Warning] Aborted connection 104 to db: 'drakars' user: 'drakars_user' host: 'drakcar-api.caronte_cars_default' (Got an error reading communication packets)
2022-04-10 22:04:33 103 [Warning] Aborted connection 103 to db: 'drakars' user: 'drakars_user' host: 'drakcar-api.caronte_cars_default' (Got an error reading communication packets)
2022-04-10 22:07:56 105 [Warning] Aborted connection 105 to db: 'drakars' user: 'drakars_user' host: 'drakcar-api.caronte_cars_default' (Got an error reading communication packets)
2022-04-10 22:07:56 106 [Warning] Aborted connection 106 to db: 'drakars' user: 'drakars_user' host: 'drakcar-api.caronte_cars_default' (Got an error reading communication packets)
2022-04-10 22:08:05 108 [Warning] Aborted connection 108 to db: 'drakars' user: 'drakars_user' host: 'drakcar-api.caronte_cars_default' (Got an error reading communication packets)
2022-04-10 22:08:05 107 [Warning] Aborted connection 107 to db: 'drakars' user: 'drakars_user' host: 'drakcar-api.caronte_cars_default' (Got an error reading communication packets)
2022-04-10 22:08:36 110 [Warning] Aborted connection 110 to db: 'drakars' user: 'drakars_user' host: 'drakcar-api.caronte_cars_default' (Got an error reading communication packets)
2022-04-10 22:08:36 109 [Warning] Aborted connection 109 to db: 'drakars' user: 'drakars_user' host: 'drakcar-api.caronte_cars_default' (Got an error reading communication packets)
2022-04-10 22:09:03 112 [Warning] Aborted connection 112 to db: 'drakars' user: 'drakars_user' host: 'drakcar-api.caronte_cars_default' (Got an error reading communication packets)
2022-04-10 22:09:03 111 [Warning] Aborted connection 111 to db: 'drakars' user: 'drakars_user' host: 'drakcar-api.caronte_cars_default' (Got an error reading communication packets)
2022-04-10 22:09:15 113 [Warning] Aborted connection 113 to db: 'drakars' user: 'drakars_user' host: 'drakcar-api.caronte_cars_default' (Got an error reading communication packets)
2022-04-10 22:09:15 114 [Warning] Aborted connection 114 to db: 'drakars' user: 'drakars_user' host: 'drakcar-api.caronte_cars_default' (Got an error reading communication packets)
2022-04-10 22:15:12 115 [Warning] Aborted connection 115 to db: 'drakars' user: 'drakars_user' host: 'drakcar-api.caronte_cars_default' (Got an error reading communication packets)
2022-04-10 22:15:12 116 [Warning] Aborted connection 116 to db: 'drakars' user: 'drakars_user' host: 'drakcar-api.caronte_cars_default' (Got an error reading communication packets)
2022-04-10 22:18:17 117 [Warning] Aborted connection 117 to db: 'drakars' user: 'drakars_user' host: 'drakcar-api.caronte_cars_default' (Got an error reading communication packets)
2022-04-10 22:18:17 118 [Warning] Aborted connection 118 to db: 'drakars' user: 'drakars_user' host: 'drakcar-api.caronte_cars_default' (Got an error reading communication packets)
2022-04-10 22:20:38 120 [Warning] Aborted connection 120 to db: 'drakars' user: 'drakars_user' host: 'drakcar-api.caronte_cars_default' (Got an error reading communication packets)
2022-04-10 22:20:38 119 [Warning] Aborted connection 119 to db: 'drakars' user: 'drakars_user' host: 'drakcar-api.caronte_cars_default' (Got an error reading communication packets)
2022-04-10 22:23:25 121 [Warning] Aborted connection 121 to db: 'drakars' user: 'drakars_user' host: 'drakcar-api.caronte_cars_default' (Got an error reading communication packets)
2022-04-10 22:23:25 122 [Warning] Aborted connection 122 to db: 'drakars' user: 'drakars_user' host: 'drakcar-api.caronte_cars_default' (Got an error reading communication packets)
2022-04-10 22:23:27 124 [Warning] Aborted connection 124 to db: 'drakars' user: 'drakars_user' host: 'drakcar-api.caronte_cars_default' (Got an error reading communication packets)
2022-04-10 22:23:27 123 [Warning] Aborted connection 123 to db: 'drakars' user: 'drakars_user' host: 'drakcar-api.caronte_cars_default' (Got an error reading communication packets)
2022-04-10 22:24:50 126 [Warning] Aborted connection 126 to db: 'drakars' user: 'drakars_user' host: 'drakcar-api.caronte_cars_default' (Got an error reading communication packets)
2022-04-10 22:24:50 125 [Warning] Aborted connection 125 to db: 'drakars' user: 'drakars_user' host: 'drakcar-api.caronte_cars_default' (Got an error reading communication packets)
2022-04-10 22:26:15 0 [Note] /usr/bin/mariadbd (initiated by: unknown): Normal shutdown
2022-04-10 22:26:15 0 [Note] Event Scheduler: Purging the queue. 0 events
2022-04-10 22:26:15 0 [Note] InnoDB: FTS optimize thread exiting.
2022-04-10 22:26:15 0 [Note] InnoDB: Starting shutdown...
2022-04-10 22:26:15 0 [Note] InnoDB: Dumping buffer pool(s) to /config/databases/ib_buffer_pool
2022-04-10 22:26:15 0 [Note] InnoDB: Buffer pool(s) dump completed at 220410 22:26:15
2022-04-10 22:26:16 0 [Note] InnoDB: Removed temporary tablespace data file: "ibtmp1"
2022-04-10 22:26:16 0 [Note] InnoDB: Shutdown completed; log sequence number 103458; transaction id 186
2022-04-10 22:26:16 0 [Note] /usr/bin/mariadbd: Shutdown complete

220410 22:26:16 mysqld_safe mysqld from pid file /var/run/mysqld/mysqld.pid ended
