220426 21:47:07 mysqld_safe Starting mariadbd daemon with databases from /config/databases
2022-04-26 21:47:07 0 [Note] /usr/bin/mariadbd (mysqld 10.5.15-MariaDB-log) starting as process 522 ...
2022-04-26 21:47:07 0 [Note] InnoDB: Uses event mutexes
2022-04-26 21:47:07 0 [Note] InnoDB: Compressed tables use zlib 1.2.11
2022-04-26 21:47:07 0 [Note] InnoDB: Number of pools: 1
2022-04-26 21:47:07 0 [Note] InnoDB: Using crc32 + pclmulqdq instructions
2022-04-26 21:47:07 0 [Note] mariadbd: O_TMPFILE is not supported on /var/tmp (disabling future attempts)
2022-04-26 21:47:07 0 [Note] InnoDB: Using Linux native AIO
2022-04-26 21:47:07 0 [Note] InnoDB: Initializing buffer pool, total size = 268435456, chunk size = 134217728
2022-04-26 21:47:07 0 [Note] InnoDB: Completed initialization of buffer pool
2022-04-26 21:47:07 0 [Note] InnoDB: 128 rollback segments are active.
2022-04-26 21:47:07 0 [Note] InnoDB: Creating shared tablespace for temporary tables
2022-04-26 21:47:07 0 [Note] InnoDB: Setting file './ibtmp1' size to 12 MB. Physically writing the file full; Please wait ...
2022-04-26 21:47:07 0 [Note] InnoDB: File './ibtmp1' size is now 12 MB.
2022-04-26 21:47:07 0 [Note] InnoDB: 10.5.15 started; log sequence number 138812651; transaction id 3308
2022-04-26 21:47:07 0 [Note] Plugin 'FEEDBACK' is disabled.
2022-04-26 21:47:07 0 [Note] InnoDB: Loading buffer pool(s) from /config/databases/ib_buffer_pool
2022-04-26 21:47:07 0 [Note] Server socket created on IP: '::'.
2022-04-26 21:47:07 0 [Note] InnoDB: Buffer pool(s) load completed at 220426 21:47:07
2022-04-26 21:47:07 0 [Note] Reading of all Master_info entries succeeded
2022-04-26 21:47:07 0 [Note] Added new Master_info '' to hash table
2022-04-26 21:47:07 0 [Note] /usr/bin/mariadbd: ready for connections.
Version: '10.5.15-MariaDB-log'  socket: '/run/mysqld/mysqld.sock'  port: 3306  MariaDB Server
2022-04-26 21:47:33 7 [Warning] Aborted connection 7 to db: 'drakars' user: 'drakars_user' host: 'drakcar-api.caronte_cars_default' (Got an error reading communication packets)
2022-04-26 21:47:33 6 [Warning] Aborted connection 6 to db: 'drakars' user: 'drakars_user' host: 'drakcar-api.caronte_cars_default' (Got an error reading communication packets)
2022-04-26 21:50:42 9 [Warning] Aborted connection 9 to db: 'drakars' user: 'drakars_user' host: 'drakcar-api.caronte_cars_default' (Got an error reading communication packets)
2022-04-26 21:50:42 8 [Warning] Aborted connection 8 to db: 'drakars' user: 'drakars_user' host: 'drakcar-api.caronte_cars_default' (Got an error reading communication packets)
2022-04-26 21:51:08 11 [Warning] Aborted connection 11 to db: 'drakars' user: 'drakars_user' host: 'drakcar-api.caronte_cars_default' (Got an error reading communication packets)
2022-04-26 21:51:08 10 [Warning] Aborted connection 10 to db: 'drakars' user: 'drakars_user' host: 'drakcar-api.caronte_cars_default' (Got an error reading communication packets)
2022-04-26 21:51:16 13 [Warning] Aborted connection 13 to db: 'drakars' user: 'drakars_user' host: 'drakcar-api.caronte_cars_default' (Got an error reading communication packets)
2022-04-26 21:51:16 12 [Warning] Aborted connection 12 to db: 'drakars' user: 'drakars_user' host: 'drakcar-api.caronte_cars_default' (Got an error reading communication packets)
2022-04-26 21:51:36 15 [Warning] Aborted connection 15 to db: 'drakars' user: 'drakars_user' host: 'drakcar-api.caronte_cars_default' (Got an error reading communication packets)
2022-04-26 21:51:36 14 [Warning] Aborted connection 14 to db: 'drakars' user: 'drakars_user' host: 'drakcar-api.caronte_cars_default' (Got an error reading communication packets)
2022-04-26 21:51:44 17 [Warning] Aborted connection 17 to db: 'drakars' user: 'drakars_user' host: 'drakcar-api.caronte_cars_default' (Got an error reading communication packets)
2022-04-26 21:51:44 16 [Warning] Aborted connection 16 to db: 'drakars' user: 'drakars_user' host: 'drakcar-api.caronte_cars_default' (Got an error reading communication packets)
2022-04-26 21:53:48 19 [Warning] Aborted connection 19 to db: 'drakars' user: 'drakars_user' host: 'drakcar-api.caronte_cars_default' (Got an error reading communication packets)
2022-04-26 21:53:48 18 [Warning] Aborted connection 18 to db: 'drakars' user: 'drakars_user' host: 'drakcar-api.caronte_cars_default' (Got an error reading communication packets)
2022-04-26 21:56:13 21 [Warning] Aborted connection 21 to db: 'drakars' user: 'drakars_user' host: 'drakcar-api.caronte_cars_default' (Got an error reading communication packets)
2022-04-26 21:56:13 20 [Warning] Aborted connection 20 to db: 'drakars' user: 'drakars_user' host: 'drakcar-api.caronte_cars_default' (Got an error reading communication packets)
2022-04-26 21:56:30 27 [Warning] Aborted connection 27 to db: 'drakars' user: 'drakars_user' host: 'drakcar-api.caronte_cars_default' (Got an error reading communication packets)
2022-04-26 21:56:30 26 [Warning] Aborted connection 26 to db: 'drakars' user: 'drakars_user' host: 'drakcar-api.caronte_cars_default' (Got an error reading communication packets)
2022-04-26 21:57:28 29 [Warning] Aborted connection 29 to db: 'drakars' user: 'drakars_user' host: 'drakcar-api.caronte_cars_default' (Got an error reading communication packets)
2022-04-26 21:57:28 28 [Warning] Aborted connection 28 to db: 'drakars' user: 'drakars_user' host: 'drakcar-api.caronte_cars_default' (Got an error reading communication packets)
2022-04-26 22:00:45 31 [Warning] Aborted connection 31 to db: 'drakars' user: 'drakars_user' host: 'drakcar-api.caronte_cars_default' (Got an error reading communication packets)
2022-04-26 22:00:45 30 [Warning] Aborted connection 30 to db: 'drakars' user: 'drakars_user' host: 'drakcar-api.caronte_cars_default' (Got an error reading communication packets)
2022-04-26 22:02:28 32 [Warning] Aborted connection 32 to db: 'drakars' user: 'drakars_user' host: 'drakcar-api.caronte_cars_default' (Got an error reading communication packets)
2022-04-26 22:02:28 33 [Warning] Aborted connection 33 to db: 'drakars' user: 'drakars_user' host: 'drakcar-api.caronte_cars_default' (Got an error reading communication packets)
2022-04-26 22:02:33 35 [Warning] Aborted connection 35 to db: 'drakars' user: 'drakars_user' host: 'drakcar-api.caronte_cars_default' (Got an error reading communication packets)
2022-04-26 22:02:33 34 [Warning] Aborted connection 34 to db: 'drakars' user: 'drakars_user' host: 'drakcar-api.caronte_cars_default' (Got an error reading communication packets)
2022-04-26 22:02:36 37 [Warning] Aborted connection 37 to db: 'drakars' user: 'drakars_user' host: 'drakcar-api.caronte_cars_default' (Got an error reading communication packets)
2022-04-26 22:02:36 36 [Warning] Aborted connection 36 to db: 'drakars' user: 'drakars_user' host: 'drakcar-api.caronte_cars_default' (Got an error reading communication packets)
2022-04-26 22:12:07 39 [Warning] Aborted connection 39 to db: 'drakars' user: 'drakars_user' host: 'drakcar-api.caronte_cars_default' (Got an error reading communication packets)
2022-04-26 22:12:07 38 [Warning] Aborted connection 38 to db: 'drakars' user: 'drakars_user' host: 'drakcar-api.caronte_cars_default' (Got an error reading communication packets)
2022-04-26 22:22:08 40 [Warning] Aborted connection 40 to db: 'drakars' user: 'drakars_user' host: 'drakcar-api.caronte_cars_default' (Got timeout reading communication packets)
2022-04-26 22:22:08 41 [Warning] Aborted connection 41 to db: 'drakars' user: 'drakars_user' host: 'drakcar-api.caronte_cars_default' (Got timeout reading communication packets)
2022-04-26 22:47:36 42 [Warning] Aborted connection 42 to db: 'drakars' user: 'drakars_user' host: 'drakcar-api.caronte_cars_default' (Got timeout reading communication packets)
2022-04-26 22:47:36 43 [Warning] Aborted connection 43 to db: 'drakars' user: 'drakars_user' host: 'drakcar-api.caronte_cars_default' (Got timeout reading communication packets)
2022-04-26 22:56:29 45 [Warning] Aborted connection 45 to db: 'drakars' user: 'drakars_user' host: 'drakcar-api.caronte_cars_default' (Got an error reading communication packets)
2022-04-26 22:56:29 44 [Warning] Aborted connection 44 to db: 'drakars' user: 'drakars_user' host: 'drakcar-api.caronte_cars_default' (Got an error reading communication packets)
2022-04-26 23:06:30 46 [Warning] Aborted connection 46 to db: 'drakars' user: 'drakars_user' host: 'drakcar-api.caronte_cars_default' (Got timeout reading communication packets)
2022-04-26 23:06:30 47 [Warning] Aborted connection 47 to db: 'drakars' user: 'drakars_user' host: 'drakcar-api.caronte_cars_default' (Got timeout reading communication packets)
2022-04-26 23:19:15 49 [Warning] Aborted connection 49 to db: 'drakars' user: 'drakars_user' host: 'drakcar-api.caronte_cars_default' (Got an error reading communication packets)
2022-04-26 23:19:15 48 [Warning] Aborted connection 48 to db: 'drakars' user: 'drakars_user' host: 'drakcar-api.caronte_cars_default' (Got an error reading communication packets)
2022-04-26 23:22:24 50 [Warning] Aborted connection 50 to db: 'drakars' user: 'drakars_user' host: 'drakcar-api.caronte_cars_default' (Got an error reading communication packets)
2022-04-26 23:22:24 51 [Warning] Aborted connection 51 to db: 'drakars' user: 'drakars_user' host: 'drakcar-api.caronte_cars_default' (Got an error reading communication packets)
2022-04-26 23:23:04 53 [Warning] Aborted connection 53 to db: 'drakars' user: 'drakars_user' host: 'drakcar-api.caronte_cars_default' (Got an error reading communication packets)
2022-04-26 23:23:04 52 [Warning] Aborted connection 52 to db: 'drakars' user: 'drakars_user' host: 'drakcar-api.caronte_cars_default' (Got an error reading communication packets)
2022-04-26 23:24:30 54 [Warning] Aborted connection 54 to db: 'drakars' user: 'drakars_user' host: 'drakcar-api.caronte_cars_default' (Got an error reading communication packets)
2022-04-26 23:24:30 55 [Warning] Aborted connection 55 to db: 'drakars' user: 'drakars_user' host: 'drakcar-api.caronte_cars_default' (Got an error reading communication packets)
2022-04-26 23:24:43 57 [Warning] Aborted connection 57 to db: 'drakars' user: 'drakars_user' host: 'drakcar-api.caronte_cars_default' (Got an error reading communication packets)
2022-04-26 23:24:43 56 [Warning] Aborted connection 56 to db: 'drakars' user: 'drakars_user' host: 'drakcar-api.caronte_cars_default' (Got an error reading communication packets)
2022-04-26 23:25:00 59 [Warning] Aborted connection 59 to db: 'drakars' user: 'drakars_user' host: 'drakcar-api.caronte_cars_default' (Got an error reading communication packets)
2022-04-26 23:25:00 58 [Warning] Aborted connection 58 to db: 'drakars' user: 'drakars_user' host: 'drakcar-api.caronte_cars_default' (Got an error reading communication packets)
2022-04-26 23:25:10 61 [Warning] Aborted connection 61 to db: 'drakars' user: 'drakars_user' host: 'drakcar-api.caronte_cars_default' (Got an error reading communication packets)
2022-04-26 23:25:10 60 [Warning] Aborted connection 60 to db: 'drakars' user: 'drakars_user' host: 'drakcar-api.caronte_cars_default' (Got an error reading communication packets)
2022-04-28 16:33:41 62 [Warning] Aborted connection 62 to db: 'drakars' user: 'drakars_user' host: 'drakcar-api.caronte_cars_default' (Got timeout reading communication packets)
2022-04-28 16:33:41 63 [Warning] Aborted connection 63 to db: 'drakars' user: 'drakars_user' host: 'drakcar-api.caronte_cars_default' (Got timeout reading communication packets)
2022-04-28 16:40:26 64 [Warning] Aborted connection 64 to db: 'drakars' user: 'drakars_user' host: 'drakcar-api.caronte_cars_default' (Got an error reading communication packets)
2022-04-28 16:40:26 65 [Warning] Aborted connection 65 to db: 'drakars' user: 'drakars_user' host: 'drakcar-api.caronte_cars_default' (Got an error reading communication packets)
2022-04-28 16:40:59 66 [Warning] Aborted connection 66 to db: 'drakars' user: 'drakars_user' host: 'drakcar-api.caronte_cars_default' (Got an error reading communication packets)
2022-04-28 16:40:59 67 [Warning] Aborted connection 67 to db: 'drakars' user: 'drakars_user' host: 'drakcar-api.caronte_cars_default' (Got an error reading communication packets)
2022-04-28 16:42:34 69 [Warning] Aborted connection 69 to db: 'drakars' user: 'drakars_user' host: 'drakcar-api.caronte_cars_default' (Got an error reading communication packets)
2022-04-28 16:42:35 68 [Warning] Aborted connection 68 to db: 'drakars' user: 'drakars_user' host: 'drakcar-api.caronte_cars_default' (Got an error reading communication packets)
2022-04-28 16:42:46 71 [Warning] Aborted connection 71 to db: 'drakars' user: 'drakars_user' host: 'drakcar-api.caronte_cars_default' (Got an error reading communication packets)
2022-04-28 16:42:46 70 [Warning] Aborted connection 70 to db: 'drakars' user: 'drakars_user' host: 'drakcar-api.caronte_cars_default' (Got an error reading communication packets)
2022-04-28 16:43:42 72 [Warning] Aborted connection 72 to db: 'drakars' user: 'drakars_user' host: 'drakcar-api.caronte_cars_default' (Got an error reading communication packets)
2022-04-28 16:43:42 73 [Warning] Aborted connection 73 to db: 'drakars' user: 'drakars_user' host: 'drakcar-api.caronte_cars_default' (Got an error reading communication packets)
2022-04-28 16:44:34 74 [Warning] Aborted connection 74 to db: 'drakars' user: 'drakars_user' host: 'drakcar-api.caronte_cars_default' (Got an error reading communication packets)
2022-04-28 16:44:34 75 [Warning] Aborted connection 75 to db: 'drakars' user: 'drakars_user' host: 'drakcar-api.caronte_cars_default' (Got an error reading communication packets)
2022-04-28 16:44:44 77 [Warning] Aborted connection 77 to db: 'drakars' user: 'drakars_user' host: 'drakcar-api.caronte_cars_default' (Got an error reading communication packets)
2022-04-28 16:44:44 76 [Warning] Aborted connection 76 to db: 'drakars' user: 'drakars_user' host: 'drakcar-api.caronte_cars_default' (Got an error reading communication packets)
2022-04-28 16:46:03 79 [Warning] Aborted connection 79 to db: 'drakars' user: 'drakars_user' host: 'drakcar-api.caronte_cars_default' (Got an error reading communication packets)
2022-04-28 16:46:03 78 [Warning] Aborted connection 78 to db: 'drakars' user: 'drakars_user' host: 'drakcar-api.caronte_cars_default' (Got an error reading communication packets)
2022-04-28 16:47:39 81 [Warning] Aborted connection 81 to db: 'drakars' user: 'drakars_user' host: 'drakcar-api.caronte_cars_default' (Got an error reading communication packets)
2022-04-28 16:47:39 80 [Warning] Aborted connection 80 to db: 'drakars' user: 'drakars_user' host: 'drakcar-api.caronte_cars_default' (Got an error reading communication packets)
2022-04-28 16:47:54 83 [Warning] Aborted connection 83 to db: 'drakars' user: 'drakars_user' host: 'drakcar-api.caronte_cars_default' (Got an error reading communication packets)
2022-04-28 16:47:54 82 [Warning] Aborted connection 82 to db: 'drakars' user: 'drakars_user' host: 'drakcar-api.caronte_cars_default' (Got an error reading communication packets)
2022-04-28 16:48:59 85 [Warning] Aborted connection 85 to db: 'drakars' user: 'drakars_user' host: 'drakcar-api.caronte_cars_default' (Got an error reading communication packets)
2022-04-28 16:48:59 84 [Warning] Aborted connection 84 to db: 'drakars' user: 'drakars_user' host: 'drakcar-api.caronte_cars_default' (Got an error reading communication packets)
2022-04-28 16:49:39 87 [Warning] Aborted connection 87 to db: 'drakars' user: 'drakars_user' host: 'drakcar-api.caronte_cars_default' (Got an error reading communication packets)
2022-04-28 16:49:39 86 [Warning] Aborted connection 86 to db: 'drakars' user: 'drakars_user' host: 'drakcar-api.caronte_cars_default' (Got an error reading communication packets)
2022-04-28 16:49:56 89 [Warning] Aborted connection 89 to db: 'drakars' user: 'drakars_user' host: 'drakcar-api.caronte_cars_default' (Got an error reading communication packets)
2022-04-28 16:49:56 88 [Warning] Aborted connection 88 to db: 'drakars' user: 'drakars_user' host: 'drakcar-api.caronte_cars_default' (Got an error reading communication packets)
2022-04-28 16:50:20 91 [Warning] Aborted connection 91 to db: 'drakars' user: 'drakars_user' host: 'drakcar-api.caronte_cars_default' (Got an error reading communication packets)
2022-04-28 16:50:20 90 [Warning] Aborted connection 90 to db: 'drakars' user: 'drakars_user' host: 'drakcar-api.caronte_cars_default' (Got an error reading communication packets)
2022-04-28 16:50:31 93 [Warning] Aborted connection 93 to db: 'drakars' user: 'drakars_user' host: 'drakcar-api.caronte_cars_default' (Got an error reading communication packets)
2022-04-28 16:50:31 92 [Warning] Aborted connection 92 to db: 'drakars' user: 'drakars_user' host: 'drakcar-api.caronte_cars_default' (Got an error reading communication packets)
2022-04-28 16:50:54 94 [Warning] Aborted connection 94 to db: 'drakars' user: 'drakars_user' host: 'drakcar-api.caronte_cars_default' (Got an error reading communication packets)
2022-04-28 16:50:54 95 [Warning] Aborted connection 95 to db: 'drakars' user: 'drakars_user' host: 'drakcar-api.caronte_cars_default' (Got an error reading communication packets)
2022-04-28 16:51:26 97 [Warning] Aborted connection 97 to db: 'drakars' user: 'drakars_user' host: 'drakcar-api.caronte_cars_default' (Got an error reading communication packets)
2022-04-28 16:51:26 96 [Warning] Aborted connection 96 to db: 'drakars' user: 'drakars_user' host: 'drakcar-api.caronte_cars_default' (Got an error reading communication packets)
2022-04-28 16:51:48 99 [Warning] Aborted connection 99 to db: 'drakars' user: 'drakars_user' host: 'drakcar-api.caronte_cars_default' (Got an error reading communication packets)
2022-04-28 16:51:48 98 [Warning] Aborted connection 98 to db: 'drakars' user: 'drakars_user' host: 'drakcar-api.caronte_cars_default' (Got an error reading communication packets)
2022-04-28 16:52:50 101 [Warning] Aborted connection 101 to db: 'drakars' user: 'drakars_user' host: 'drakcar-api.caronte_cars_default' (Got an error reading communication packets)
2022-04-28 16:52:50 100 [Warning] Aborted connection 100 to db: 'drakars' user: 'drakars_user' host: 'drakcar-api.caronte_cars_default' (Got an error reading communication packets)
2022-04-28 16:53:05 102 [Warning] Aborted connection 102 to db: 'drakars' user: 'drakars_user' host: 'drakcar-api.caronte_cars_default' (Got an error reading communication packets)
2022-04-28 16:53:05 103 [Warning] Aborted connection 103 to db: 'drakars' user: 'drakars_user' host: 'drakcar-api.caronte_cars_default' (Got an error reading communication packets)
2022-04-28 16:53:26 105 [Warning] Aborted connection 105 to db: 'drakars' user: 'drakars_user' host: 'drakcar-api.caronte_cars_default' (Got an error reading communication packets)
2022-04-28 16:53:26 104 [Warning] Aborted connection 104 to db: 'drakars' user: 'drakars_user' host: 'drakcar-api.caronte_cars_default' (Got an error reading communication packets)
2022-04-28 16:54:54 106 [Warning] Aborted connection 106 to db: 'drakars' user: 'drakars_user' host: 'drakcar-api.caronte_cars_default' (Got an error reading communication packets)
2022-04-28 16:54:54 107 [Warning] Aborted connection 107 to db: 'drakars' user: 'drakars_user' host: 'drakcar-api.caronte_cars_default' (Got an error reading communication packets)
2022-04-28 16:55:17 109 [Warning] Aborted connection 109 to db: 'drakars' user: 'drakars_user' host: 'drakcar-api.caronte_cars_default' (Got an error reading communication packets)
2022-04-28 16:55:17 108 [Warning] Aborted connection 108 to db: 'drakars' user: 'drakars_user' host: 'drakcar-api.caronte_cars_default' (Got an error reading communication packets)
2022-04-28 17:05:19 110 [Warning] Aborted connection 110 to db: 'drakars' user: 'drakars_user' host: 'drakcar-api.caronte_cars_default' (Got timeout reading communication packets)
2022-04-28 17:05:19 111 [Warning] Aborted connection 111 to db: 'drakars' user: 'drakars_user' host: 'drakcar-api.caronte_cars_default' (Got timeout reading communication packets)
2022-04-28 19:29:56 113 [Warning] Aborted connection 113 to db: 'drakars' user: 'drakars_user' host: 'drakcar-api.caronte_cars_default' (Got an error reading communication packets)
2022-04-28 19:29:56 112 [Warning] Aborted connection 112 to db: 'drakars' user: 'drakars_user' host: 'drakcar-api.caronte_cars_default' (Got an error reading communication packets)
2022-04-28 19:30:32 114 [Warning] Aborted connection 114 to db: 'drakars' user: 'drakars_user' host: 'drakcar-api.caronte_cars_default' (Got an error reading communication packets)
2022-04-28 19:30:32 115 [Warning] Aborted connection 115 to db: 'drakars' user: 'drakars_user' host: 'drakcar-api.caronte_cars_default' (Got an error reading communication packets)
2022-04-28 19:30:43 117 [Warning] Aborted connection 117 to db: 'drakars' user: 'drakars_user' host: 'drakcar-api.caronte_cars_default' (Got an error reading communication packets)
2022-04-28 19:30:43 116 [Warning] Aborted connection 116 to db: 'drakars' user: 'drakars_user' host: 'drakcar-api.caronte_cars_default' (Got an error reading communication packets)
2022-04-28 19:34:20 118 [Warning] Aborted connection 118 to db: 'drakars' user: 'drakars_user' host: 'drakcar-api.caronte_cars_default' (Got an error reading communication packets)
2022-04-28 19:34:20 119 [Warning] Aborted connection 119 to db: 'drakars' user: 'drakars_user' host: 'drakcar-api.caronte_cars_default' (Got an error reading communication packets)
2022-04-28 19:44:22 120 [Warning] Aborted connection 120 to db: 'drakars' user: 'drakars_user' host: 'drakcar-api.caronte_cars_default' (Got timeout reading communication packets)
2022-04-28 19:44:22 121 [Warning] Aborted connection 121 to db: 'drakars' user: 'drakars_user' host: 'drakcar-api.caronte_cars_default' (Got timeout reading communication packets)
2022-04-28 23:51:18 0 [Note] /usr/bin/mariadbd (initiated by: unknown): Normal shutdown
2022-04-28 23:51:18 0 [Note] Event Scheduler: Purging the queue. 0 events
2022-04-28 23:51:18 0 [Note] InnoDB: FTS optimize thread exiting.
2022-04-28 23:51:18 0 [Note] InnoDB: Starting shutdown...
2022-04-28 23:51:18 0 [Note] InnoDB: Dumping buffer pool(s) to /config/databases/ib_buffer_pool
2022-04-28 23:51:18 0 [Note] InnoDB: Buffer pool(s) dump completed at 220428 23:51:18
2022-04-28 23:51:18 0 [Note] InnoDB: Removed temporary tablespace data file: "ibtmp1"
2022-04-28 23:51:18 0 [Note] InnoDB: Shutdown completed; log sequence number 138812663; transaction id 3320
2022-04-28 23:51:18 0 [Note] /usr/bin/mariadbd: Shutdown complete

220428 23:51:18 mysqld_safe mysqld from pid file /var/run/mysqld/mysqld.pid ended
220429 18:46:20 mysqld_safe Starting mariadbd daemon with databases from /config/databases
2022-04-29 18:46:21 0 [Note] /usr/bin/mariadbd (mysqld 10.5.15-MariaDB-log) starting as process 521 ...
2022-04-29 18:46:21 0 [Note] InnoDB: Uses event mutexes
2022-04-29 18:46:21 0 [Note] InnoDB: Compressed tables use zlib 1.2.11
2022-04-29 18:46:21 0 [Note] InnoDB: Number of pools: 1
2022-04-29 18:46:21 0 [Note] InnoDB: Using crc32 + pclmulqdq instructions
2022-04-29 18:46:21 0 [Note] mariadbd: O_TMPFILE is not supported on /var/tmp (disabling future attempts)
2022-04-29 18:46:21 0 [Note] InnoDB: Using Linux native AIO
2022-04-29 18:46:21 0 [Note] InnoDB: Initializing buffer pool, total size = 268435456, chunk size = 134217728
2022-04-29 18:46:21 0 [Note] InnoDB: Completed initialization of buffer pool
2022-04-29 18:46:21 0 [Note] InnoDB: 128 rollback segments are active.
2022-04-29 18:46:21 0 [Note] InnoDB: Creating shared tablespace for temporary tables
2022-04-29 18:46:21 0 [Note] InnoDB: Setting file './ibtmp1' size to 12 MB. Physically writing the file full; Please wait ...
2022-04-29 18:46:21 0 [Note] InnoDB: File './ibtmp1' size is now 12 MB.
2022-04-29 18:46:21 0 [Note] InnoDB: 10.5.15 started; log sequence number 138812663; transaction id 3308
2022-04-29 18:46:21 0 [Note] Plugin 'FEEDBACK' is disabled.
2022-04-29 18:46:21 0 [Note] InnoDB: Loading buffer pool(s) from /config/databases/ib_buffer_pool
2022-04-29 18:46:21 0 [Note] InnoDB: Buffer pool(s) load completed at 220429 18:46:21
2022-04-29 18:46:21 0 [Note] Server socket created on IP: '::'.
2022-04-29 18:46:21 0 [Note] Reading of all Master_info entries succeeded
2022-04-29 18:46:21 0 [Note] Added new Master_info '' to hash table
2022-04-29 18:46:21 0 [Note] /usr/bin/mariadbd: ready for connections.
Version: '10.5.15-MariaDB-log'  socket: '/run/mysqld/mysqld.sock'  port: 3306  MariaDB Server
2022-04-29 18:56:49 4 [Warning] Aborted connection 4 to db: 'drakars' user: 'drakars_user' host: 'drakcar-api.caronte_cars_default' (Got timeout reading communication packets)
2022-04-29 18:56:49 5 [Warning] Aborted connection 5 to db: 'drakars' user: 'drakars_user' host: 'drakcar-api.caronte_cars_default' (Got timeout reading communication packets)
2022-04-29 20:08:00 6 [Warning] Aborted connection 6 to db: 'drakars' user: 'drakars_user' host: 'drakcar-api.caronte_cars_default' (Got timeout reading communication packets)
2022-04-29 20:08:01 7 [Warning] Aborted connection 7 to db: 'drakars' user: 'drakars_user' host: 'drakcar-api.caronte_cars_default' (Got timeout reading communication packets)
2022-05-01 19:02:59 0 [Note] /usr/bin/mariadbd (initiated by: unknown): Normal shutdown
2022-05-01 19:02:59 0 [Note] Event Scheduler: Purging the queue. 0 events
2022-05-01 19:02:59 0 [Note] InnoDB: FTS optimize thread exiting.
2022-05-01 19:02:59 0 [Note] InnoDB: Starting shutdown...
2022-05-01 19:02:59 0 [Note] InnoDB: Dumping buffer pool(s) to /config/databases/ib_buffer_pool
2022-05-01 19:02:59 0 [Note] InnoDB: Buffer pool(s) dump completed at 220501 19:02:59
2022-05-01 19:02:59 0 [Note] InnoDB: Removed temporary tablespace data file: "ibtmp1"
2022-05-01 19:02:59 0 [Note] InnoDB: Shutdown completed; log sequence number 138828004; transaction id 3345
2022-05-01 19:03:00 0 [Note] /usr/bin/mariadbd: Shutdown complete

220501 19:03:00 mysqld_safe mysqld from pid file /var/run/mysqld/mysqld.pid ended
220501 19:32:54 mysqld_safe Starting mariadbd daemon with databases from /config/databases
2022-05-01 19:32:54 0 [Note] /usr/bin/mariadbd (mysqld 10.5.15-MariaDB-log) starting as process 521 ...
2022-05-01 19:32:54 0 [Note] InnoDB: Uses event mutexes
2022-05-01 19:32:54 0 [Note] InnoDB: Compressed tables use zlib 1.2.11
2022-05-01 19:32:54 0 [Note] InnoDB: Number of pools: 1
2022-05-01 19:32:54 0 [Note] InnoDB: Using crc32 + pclmulqdq instructions
2022-05-01 19:32:54 0 [Note] mariadbd: O_TMPFILE is not supported on /var/tmp (disabling future attempts)
2022-05-01 19:32:54 0 [Note] InnoDB: Using Linux native AIO
2022-05-01 19:32:54 0 [Note] InnoDB: Initializing buffer pool, total size = 268435456, chunk size = 134217728
2022-05-01 19:32:54 0 [Note] InnoDB: Completed initialization of buffer pool
2022-05-01 19:32:54 0 [Note] InnoDB: 128 rollback segments are active.
2022-05-01 19:32:54 0 [Note] InnoDB: Creating shared tablespace for temporary tables
2022-05-01 19:32:54 0 [Note] InnoDB: Setting file './ibtmp1' size to 12 MB. Physically writing the file full; Please wait ...
2022-05-01 19:32:54 0 [Note] InnoDB: File './ibtmp1' size is now 12 MB.
2022-05-01 19:32:54 0 [Note] InnoDB: 10.5.15 started; log sequence number 138828004; transaction id 3346
2022-05-01 19:32:54 0 [Note] Plugin 'FEEDBACK' is disabled.
2022-05-01 19:32:54 0 [Note] InnoDB: Loading buffer pool(s) from /config/databases/ib_buffer_pool
2022-05-01 19:32:54 0 [Note] InnoDB: Buffer pool(s) load completed at 220501 19:32:54
2022-05-01 19:32:54 0 [Note] Server socket created on IP: '::'.
2022-05-01 19:32:54 0 [Note] Reading of all Master_info entries succeeded
2022-05-01 19:32:54 0 [Note] Added new Master_info '' to hash table
2022-05-01 19:32:54 0 [Note] /usr/bin/mariadbd: ready for connections.
Version: '10.5.15-MariaDB-log'  socket: '/run/mysqld/mysqld.sock'  port: 3306  MariaDB Server
2022-05-01 19:43:24 4 [Warning] Aborted connection 4 to db: 'drakars' user: 'drakars_user' host: 'drakcar-api.caronte_cars_default' (Got timeout reading communication packets)
2022-05-01 19:43:24 5 [Warning] Aborted connection 5 to db: 'drakars' user: 'drakars_user' host: 'drakcar-api.caronte_cars_default' (Got timeout reading communication packets)
2022-05-04 10:16:57 0 [Note] /usr/bin/mariadbd (initiated by: unknown): Normal shutdown
2022-05-04 10:16:57 0 [Note] Event Scheduler: Purging the queue. 0 events
2022-05-04 10:16:57 0 [Note] InnoDB: FTS optimize thread exiting.
2022-05-04 10:16:57 0 [Note] InnoDB: Starting shutdown...
2022-05-04 10:16:57 0 [Note] InnoDB: Dumping buffer pool(s) to /config/databases/ib_buffer_pool
2022-05-04 10:16:57 0 [Note] InnoDB: Buffer pool(s) dump completed at 220504 10:16:57
2022-05-04 10:16:58 0 [Note] InnoDB: Removed temporary tablespace data file: "ibtmp1"
2022-05-04 10:16:58 0 [Note] InnoDB: Shutdown completed; log sequence number 138828016; transaction id 3357
2022-05-04 10:16:58 0 [Note] /usr/bin/mariadbd: Shutdown complete

220504 10:16:58 mysqld_safe mysqld from pid file /var/run/mysqld/mysqld.pid ended
220504 10:31:41 mysqld_safe Starting mariadbd daemon with databases from /config/databases
2022-05-04 10:31:41 0 [Note] /usr/bin/mariadbd (mysqld 10.5.15-MariaDB-log) starting as process 522 ...
2022-05-04 10:31:41 0 [Note] InnoDB: Uses event mutexes
2022-05-04 10:31:41 0 [Note] InnoDB: Compressed tables use zlib 1.2.11
2022-05-04 10:31:41 0 [Note] InnoDB: Number of pools: 1
2022-05-04 10:31:41 0 [Note] InnoDB: Using crc32 + pclmulqdq instructions
2022-05-04 10:31:41 0 [Note] mariadbd: O_TMPFILE is not supported on /var/tmp (disabling future attempts)
2022-05-04 10:31:41 0 [Note] InnoDB: Using Linux native AIO
2022-05-04 10:31:41 0 [Note] InnoDB: Initializing buffer pool, total size = 268435456, chunk size = 134217728
2022-05-04 10:31:41 0 [Note] InnoDB: Completed initialization of buffer pool
2022-05-04 10:31:42 0 [Note] InnoDB: 128 rollback segments are active.
2022-05-04 10:31:42 0 [Note] InnoDB: Creating shared tablespace for temporary tables
2022-05-04 10:31:42 0 [Note] InnoDB: Setting file './ibtmp1' size to 12 MB. Physically writing the file full; Please wait ...
2022-05-04 10:31:42 0 [Note] InnoDB: File './ibtmp1' size is now 12 MB.
2022-05-04 10:31:42 0 [Note] InnoDB: 10.5.15 started; log sequence number 138828016; transaction id 3346
2022-05-04 10:31:42 0 [Note] InnoDB: Loading buffer pool(s) from /config/databases/ib_buffer_pool
2022-05-04 10:31:42 0 [Note] Plugin 'FEEDBACK' is disabled.
2022-05-04 10:31:42 0 [Note] InnoDB: Buffer pool(s) load completed at 220504 10:31:42
2022-05-04 10:31:42 0 [Note] Server socket created on IP: '::'.
2022-05-04 10:31:42 0 [Note] Reading of all Master_info entries succeeded
2022-05-04 10:31:42 0 [Note] Added new Master_info '' to hash table
2022-05-04 10:31:42 0 [Note] /usr/bin/mariadbd: ready for connections.
Version: '10.5.15-MariaDB-log'  socket: '/run/mysqld/mysqld.sock'  port: 3306  MariaDB Server
2022-05-04 10:42:17 4 [Warning] Aborted connection 4 to db: 'drakars' user: 'drakars_user' host: 'drakcar-api.caronte_cars_default' (Got timeout reading communication packets)
2022-05-04 10:42:17 5 [Warning] Aborted connection 5 to db: 'drakars' user: 'drakars_user' host: 'drakcar-api.caronte_cars_default' (Got timeout reading communication packets)
2022-05-04 21:07:20 6 [Warning] Aborted connection 6 to db: 'drakars' user: 'drakars_user' host: 'drakcar-api.caronte_cars_default' (Got timeout reading communication packets)
2022-05-04 21:14:41 9 [Warning] Aborted connection 9 to db: 'drakars' user: 'drakars_user' host: 'drakcar-api.caronte_cars_default' (Got an error reading communication packets)
2022-05-04 21:24:43 10 [Warning] Aborted connection 10 to db: 'drakars' user: 'drakars_user' host: 'drakcar-api.caronte_cars_default' (Got timeout reading communication packets)
2022-05-04 21:24:50 11 [Warning] Aborted connection 11 to db: 'drakars' user: 'drakars_user' host: 'drakcar-api.caronte_cars_default' (Got timeout reading communication packets)
2022-05-04 22:13:06 12 [Warning] Aborted connection 12 to db: 'drakars' user: 'drakars_user' host: 'drakcar-api.caronte_cars_default' (Got timeout reading communication packets)
2022-05-04 22:13:40 13 [Warning] Aborted connection 13 to db: 'drakars' user: 'drakars_user' host: 'drakcar-api.caronte_cars_default' (Got timeout reading communication packets)
2022-05-04 22:40:27 15 [Warning] Aborted connection 15 to db: 'drakars' user: 'drakars_user' host: 'drakcar-api.caronte_cars_default' (Got an error reading communication packets)
2022-05-04 22:40:27 14 [Warning] Aborted connection 14 to db: 'drakars' user: 'drakars_user' host: 'drakcar-api.caronte_cars_default' (Got an error reading communication packets)
2022-05-04 22:50:28 16 [Warning] Aborted connection 16 to db: 'drakars' user: 'drakars_user' host: 'drakcar-api.caronte_cars_default' (Got timeout reading communication packets)
2022-05-04 22:50:28 17 [Warning] Aborted connection 17 to db: 'drakars' user: 'drakars_user' host: 'drakcar-api.caronte_cars_default' (Got timeout reading communication packets)
2022-05-04 23:02:19 18 [Warning] Aborted connection 18 to db: 'drakars' user: 'drakars_user' host: 'drakcar-api.caronte_cars_default' (Got an error reading communication packets)
2022-05-04 23:02:32 20 [Warning] Aborted connection 20 to db: 'drakars' user: 'drakars_user' host: 'drakcar-api.caronte_cars_default' (Got an error reading communication packets)
2022-05-04 23:02:32 19 [Warning] Aborted connection 19 to db: 'drakars' user: 'drakars_user' host: 'drakcar-api.caronte_cars_default' (Got an error reading communication packets)
2022-05-04 23:03:39 40 [Warning] Aborted connection 40 to db: 'drakars' user: 'drakars_user' host: 'drakcar-api.caronte_cars_default' (Got an error reading communication packets)
2022-05-04 23:03:39 39 [Warning] Aborted connection 39 to db: 'drakars' user: 'drakars_user' host: 'drakcar-api.caronte_cars_default' (Got an error reading communication packets)
2022-05-04 23:04:08 42 [Warning] Aborted connection 42 to db: 'drakars' user: 'drakars_user' host: 'drakcar-api.caronte_cars_default' (Got an error reading communication packets)
2022-05-04 23:04:08 41 [Warning] Aborted connection 41 to db: 'drakars' user: 'drakars_user' host: 'drakcar-api.caronte_cars_default' (Got an error reading communication packets)
2022-05-04 23:14:10 43 [Warning] Aborted connection 43 to db: 'drakars' user: 'drakars_user' host: 'drakcar-api.caronte_cars_default' (Got timeout reading communication packets)
2022-05-04 23:36:16 0 [Note] /usr/bin/mariadbd (initiated by: unknown): Normal shutdown
2022-05-04 23:36:16 0 [Note] Event Scheduler: Purging the queue. 0 events
2022-05-04 23:36:16 0 [Note] InnoDB: FTS optimize thread exiting.
2022-05-04 23:36:17 0 [Note] InnoDB: Starting shutdown...
2022-05-04 23:36:17 0 [Note] InnoDB: Dumping buffer pool(s) to /config/databases/ib_buffer_pool
2022-05-04 23:36:17 0 [Note] InnoDB: Buffer pool(s) dump completed at 220504 23:36:17
2022-05-04 23:36:17 0 [Note] InnoDB: Removed temporary tablespace data file: "ibtmp1"
2022-05-04 23:36:17 0 [Note] InnoDB: Shutdown completed; log sequence number 138981246; transaction id 3583
2022-05-04 23:36:17 0 [Note] /usr/bin/mariadbd: Shutdown complete

220504 23:36:17 mysqld_safe mysqld from pid file /var/run/mysqld/mysqld.pid ended
220505 17:20:32 mysqld_safe Starting mariadbd daemon with databases from /config/databases
2022-05-05 17:20:32 0 [Note] /usr/bin/mariadbd (mysqld 10.5.15-MariaDB-log) starting as process 521 ...
2022-05-05 17:20:32 0 [Note] InnoDB: Uses event mutexes
2022-05-05 17:20:32 0 [Note] InnoDB: Compressed tables use zlib 1.2.11
2022-05-05 17:20:32 0 [Note] InnoDB: Number of pools: 1
2022-05-05 17:20:32 0 [Note] InnoDB: Using crc32 + pclmulqdq instructions
2022-05-05 17:20:32 0 [Note] mariadbd: O_TMPFILE is not supported on /var/tmp (disabling future attempts)
2022-05-05 17:20:32 0 [Note] InnoDB: Using Linux native AIO
2022-05-05 17:20:32 0 [Note] InnoDB: Initializing buffer pool, total size = 268435456, chunk size = 134217728
2022-05-05 17:20:32 0 [Note] InnoDB: Completed initialization of buffer pool
2022-05-05 17:20:32 0 [Note] InnoDB: 128 rollback segments are active.
2022-05-05 17:20:32 0 [Note] InnoDB: Creating shared tablespace for temporary tables
2022-05-05 17:20:32 0 [Note] InnoDB: Setting file './ibtmp1' size to 12 MB. Physically writing the file full; Please wait ...
2022-05-05 17:20:32 0 [Note] InnoDB: File './ibtmp1' size is now 12 MB.
2022-05-05 17:20:32 0 [Note] InnoDB: 10.5.15 started; log sequence number 138981246; transaction id 3583
2022-05-05 17:20:32 0 [Note] Plugin 'FEEDBACK' is disabled.
2022-05-05 17:20:32 0 [Note] InnoDB: Loading buffer pool(s) from /config/databases/ib_buffer_pool
2022-05-05 17:20:32 0 [Note] InnoDB: Buffer pool(s) load completed at 220505 17:20:32
2022-05-05 17:20:32 0 [Note] Server socket created on IP: '::'.
2022-05-05 17:20:32 0 [Note] Reading of all Master_info entries succeeded
2022-05-05 17:20:32 0 [Note] Added new Master_info '' to hash table
2022-05-05 17:20:32 0 [Note] /usr/bin/mariadbd: ready for connections.
Version: '10.5.15-MariaDB-log'  socket: '/run/mysqld/mysqld.sock'  port: 3306  MariaDB Server
2022-05-05 17:31:03 4 [Warning] Aborted connection 4 to db: 'drakars' user: 'drakars_user' host: 'drakcar-api.caronte_cars_default' (Got timeout reading communication packets)
2022-05-05 17:43:48 5 [Warning] Aborted connection 5 to db: 'drakars' user: 'drakars_user' host: 'drakcar-api.caronte_cars_default' (Got timeout reading communication packets)
2022-05-05 18:10:05 6 [Warning] Aborted connection 6 to db: 'drakars' user: 'drakars_user' host: 'drakcar-api.caronte_cars_default' (Got timeout reading communication packets)
2022-05-05 19:21:33 7 [Warning] Aborted connection 7 to db: 'drakars' user: 'drakars_user' host: 'drakcar-api.caronte_cars_default' (Got timeout reading communication packets)
2022-05-05 19:31:44 8 [Warning] Aborted connection 8 to db: 'drakars' user: 'drakars_user' host: 'drakcar-api.caronte_cars_default' (Got timeout reading communication packets)
2022-05-05 19:42:20 9 [Warning] Aborted connection 9 to db: 'drakars' user: 'drakars_user' host: 'drakcar-api.caronte_cars_default' (Got timeout reading communication packets)
2022-05-05 20:59:47 11 [Warning] Aborted connection 11 to db: 'drakars' user: 'drakars_user' host: 'drakcar-api.caronte_cars_default' (Got timeout reading communication packets)
2022-05-05 20:59:47 12 [Warning] Aborted connection 12 to db: 'drakars' user: 'drakars_user' host: 'drakcar-api.caronte_cars_default' (Got timeout reading communication packets)
2022-05-05 20:59:47 10 [Warning] Aborted connection 10 to db: 'drakars' user: 'drakars_user' host: 'drakcar-api.caronte_cars_default' (Got timeout reading communication packets)
2022-05-05 21:09:56 13 [Warning] Aborted connection 13 to db: 'drakars' user: 'drakars_user' host: 'drakcar-api.caronte_cars_default' (Got an error reading communication packets)
2022-05-05 21:19:57 14 [Warning] Aborted connection 14 to db: 'drakars' user: 'drakars_user' host: 'drakcar-api.caronte_cars_default' (Got timeout reading communication packets)
2022-05-05 21:28:04 15 [Warning] Aborted connection 15 to db: 'drakars' user: 'drakars_user' host: 'drakcar-api.caronte_cars_default' (Got timeout reading communication packets)
2022-05-05 21:43:44 16 [Warning] Aborted connection 16 to db: 'drakars' user: 'drakars_user' host: 'drakcar-api.caronte_cars_default' (Got timeout reading communication packets)
2022-05-05 21:53:40 17 [Warning] Aborted connection 17 to db: 'drakars' user: 'drakars_user' host: 'drakcar-api.caronte_cars_default' (Got an error reading communication packets)
2022-05-05 21:56:45 21 [Warning] Aborted connection 21 to db: 'drakars' user: 'drakars_user' host: 'drakcar-api.caronte_cars_default' (Got an error reading communication packets)
2022-05-05 21:56:45 20 [Warning] Aborted connection 20 to db: 'drakars' user: 'drakars_user' host: 'drakcar-api.caronte_cars_default' (Got an error reading communication packets)
2022-05-05 22:04:18 23 [Warning] Aborted connection 23 to db: 'drakars' user: 'drakars_user' host: 'drakcar-api.caronte_cars_default' (Got an error reading communication packets)
2022-05-05 22:04:18 22 [Warning] Aborted connection 22 to db: 'drakars' user: 'drakars_user' host: 'drakcar-api.caronte_cars_default' (Got an error reading communication packets)
2022-05-05 22:12:01 25 [Warning] Aborted connection 25 to db: 'drakars' user: 'drakars_user' host: 'drakcar-api.caronte_cars_default' (Got an error reading communication packets)
2022-05-05 22:12:01 24 [Warning] Aborted connection 24 to db: 'drakars' user: 'drakars_user' host: 'drakcar-api.caronte_cars_default' (Got an error reading communication packets)
2022-05-05 22:14:49 27 [Warning] Aborted connection 27 to db: 'drakars' user: 'drakars_user' host: 'drakcar-api.caronte_cars_default' (Got an error reading communication packets)
2022-05-05 22:14:49 26 [Warning] Aborted connection 26 to db: 'drakars' user: 'drakars_user' host: 'drakcar-api.caronte_cars_default' (Got an error reading communication packets)
2022-05-05 22:16:48 28 [Warning] Aborted connection 28 to db: 'drakars' user: 'drakars_user' host: 'drakcar-api.caronte_cars_default' (Got an error reading communication packets)
2022-05-05 22:16:48 29 [Warning] Aborted connection 29 to db: 'drakars' user: 'drakars_user' host: 'drakcar-api.caronte_cars_default' (Got an error reading communication packets)
2022-05-05 22:21:14 31 [Warning] Aborted connection 31 to db: 'drakars' user: 'drakars_user' host: 'drakcar-api.caronte_cars_default' (Got an error reading communication packets)
2022-05-05 22:21:14 30 [Warning] Aborted connection 30 to db: 'drakars' user: 'drakars_user' host: 'drakcar-api.caronte_cars_default' (Got an error reading communication packets)
2022-05-05 22:22:22 33 [Warning] Aborted connection 33 to db: 'drakars' user: 'drakars_user' host: 'drakcar-api.caronte_cars_default' (Got an error reading communication packets)
2022-05-05 22:22:22 32 [Warning] Aborted connection 32 to db: 'drakars' user: 'drakars_user' host: 'drakcar-api.caronte_cars_default' (Got an error reading communication packets)
2022-05-05 22:23:31 34 [Warning] Aborted connection 34 to db: 'drakars' user: 'drakars_user' host: 'drakcar-api.caronte_cars_default' (Got an error reading communication packets)
2022-05-05 22:23:31 35 [Warning] Aborted connection 35 to db: 'drakars' user: 'drakars_user' host: 'drakcar-api.caronte_cars_default' (Got an error reading communication packets)
2022-05-05 22:25:15 36 [Warning] Aborted connection 36 to db: 'drakars' user: 'drakars_user' host: 'drakcar-api.caronte_cars_default' (Got an error reading communication packets)
2022-05-05 22:25:15 37 [Warning] Aborted connection 37 to db: 'drakars' user: 'drakars_user' host: 'drakcar-api.caronte_cars_default' (Got an error reading communication packets)
2022-05-05 22:35:17 38 [Warning] Aborted connection 38 to db: 'drakars' user: 'drakars_user' host: 'drakcar-api.caronte_cars_default' (Got timeout reading communication packets)
2022-05-05 22:35:48 39 [Warning] Aborted connection 39 to db: 'drakars' user: 'drakars_user' host: 'drakcar-api.caronte_cars_default' (Got timeout reading communication packets)
2022-05-05 22:44:01 40 [Warning] Aborted connection 40 to db: 'drakars' user: 'drakars_user' host: 'drakcar-api.caronte_cars_default' (Got an error reading communication packets)
2022-05-05 22:44:19 42 [Warning] Aborted connection 42 to db: 'drakars' user: 'drakars_user' host: 'drakcar-api.caronte_cars_default' (Got an error reading communication packets)
2022-05-05 22:44:19 41 [Warning] Aborted connection 41 to db: 'drakars' user: 'drakars_user' host: 'drakcar-api.caronte_cars_default' (Got an error reading communication packets)
2022-05-05 22:45:13 44 [Warning] Aborted connection 44 to db: 'drakars' user: 'drakars_user' host: 'drakcar-api.caronte_cars_default' (Got an error reading communication packets)
2022-05-05 22:45:13 43 [Warning] Aborted connection 43 to db: 'drakars' user: 'drakars_user' host: 'drakcar-api.caronte_cars_default' (Got an error reading communication packets)
2022-05-05 22:45:43 45 [Warning] Aborted connection 45 to db: 'drakars' user: 'drakars_user' host: 'drakcar-api.caronte_cars_default' (Got an error reading communication packets)
2022-05-05 22:45:43 46 [Warning] Aborted connection 46 to db: 'drakars' user: 'drakars_user' host: 'drakcar-api.caronte_cars_default' (Got an error reading communication packets)
2022-05-05 22:46:59 48 [Warning] Aborted connection 48 to db: 'drakars' user: 'drakars_user' host: 'drakcar-api.caronte_cars_default' (Got an error reading communication packets)
2022-05-05 22:46:59 47 [Warning] Aborted connection 47 to db: 'drakars' user: 'drakars_user' host: 'drakcar-api.caronte_cars_default' (Got an error reading communication packets)
2022-05-05 22:48:25 49 [Warning] Aborted connection 49 to db: 'drakars' user: 'drakars_user' host: 'drakcar-api.caronte_cars_default' (Got an error reading communication packets)
2022-05-05 22:48:25 50 [Warning] Aborted connection 50 to db: 'drakars' user: 'drakars_user' host: 'drakcar-api.caronte_cars_default' (Got an error reading communication packets)
2022-05-05 22:49:28 51 [Warning] Aborted connection 51 to db: 'drakars' user: 'drakars_user' host: 'drakcar-api.caronte_cars_default' (Got an error reading communication packets)
2022-05-05 22:49:28 52 [Warning] Aborted connection 52 to db: 'drakars' user: 'drakars_user' host: 'drakcar-api.caronte_cars_default' (Got an error reading communication packets)
2022-05-05 22:50:18 54 [Warning] Aborted connection 54 to db: 'drakars' user: 'drakars_user' host: 'drakcar-api.caronte_cars_default' (Got an error reading communication packets)
2022-05-05 22:50:18 53 [Warning] Aborted connection 53 to db: 'drakars' user: 'drakars_user' host: 'drakcar-api.caronte_cars_default' (Got an error reading communication packets)
2022-05-05 22:50:52 55 [Warning] Aborted connection 55 to db: 'drakars' user: 'drakars_user' host: 'drakcar-api.caronte_cars_default' (Got an error reading communication packets)
2022-05-05 22:50:52 56 [Warning] Aborted connection 56 to db: 'drakars' user: 'drakars_user' host: 'drakcar-api.caronte_cars_default' (Got an error reading communication packets)
2022-05-05 22:51:30 58 [Warning] Aborted connection 58 to db: 'drakars' user: 'drakars_user' host: 'drakcar-api.caronte_cars_default' (Got an error reading communication packets)
2022-05-05 22:51:30 57 [Warning] Aborted connection 57 to db: 'drakars' user: 'drakars_user' host: 'drakcar-api.caronte_cars_default' (Got an error reading communication packets)
2022-05-05 22:51:57 60 [Warning] Aborted connection 60 to db: 'drakars' user: 'drakars_user' host: 'drakcar-api.caronte_cars_default' (Got an error reading communication packets)
2022-05-05 22:51:57 59 [Warning] Aborted connection 59 to db: 'drakars' user: 'drakars_user' host: 'drakcar-api.caronte_cars_default' (Got an error reading communication packets)
2022-05-05 22:52:46 62 [Warning] Aborted connection 62 to db: 'drakars' user: 'drakars_user' host: 'drakcar-api.caronte_cars_default' (Got an error reading communication packets)
2022-05-05 22:52:46 61 [Warning] Aborted connection 61 to db: 'drakars' user: 'drakars_user' host: 'drakcar-api.caronte_cars_default' (Got an error reading communication packets)
2022-05-05 22:55:09 63 [Warning] Aborted connection 63 to db: 'drakars' user: 'drakars_user' host: 'drakcar-api.caronte_cars_default' (Got an error reading communication packets)
2022-05-05 22:55:09 64 [Warning] Aborted connection 64 to db: 'drakars' user: 'drakars_user' host: 'drakcar-api.caronte_cars_default' (Got an error reading communication packets)
2022-05-05 22:55:42 66 [Warning] Aborted connection 66 to db: 'drakars' user: 'drakars_user' host: 'drakcar-api.caronte_cars_default' (Got an error reading communication packets)
2022-05-05 22:55:42 65 [Warning] Aborted connection 65 to db: 'drakars' user: 'drakars_user' host: 'drakcar-api.caronte_cars_default' (Got an error reading communication packets)
2022-05-05 22:59:09 67 [Warning] Aborted connection 67 to db: 'drakars' user: 'drakars_user' host: 'drakcar-api.caronte_cars_default' (Got an error reading communication packets)
2022-05-05 22:59:09 68 [Warning] Aborted connection 68 to db: 'drakars' user: 'drakars_user' host: 'drakcar-api.caronte_cars_default' (Got an error reading communication packets)
2022-05-05 22:59:46 70 [Warning] Aborted connection 70 to db: 'drakars' user: 'drakars_user' host: 'drakcar-api.caronte_cars_default' (Got an error reading communication packets)
2022-05-05 22:59:46 69 [Warning] Aborted connection 69 to db: 'drakars' user: 'drakars_user' host: 'drakcar-api.caronte_cars_default' (Got an error reading communication packets)
2022-05-05 23:09:47 71 [Warning] Aborted connection 71 to db: 'drakars' user: 'drakars_user' host: 'drakcar-api.caronte_cars_default' (Got timeout reading communication packets)
2022-05-05 23:09:47 72 [Warning] Aborted connection 72 to db: 'drakars' user: 'drakars_user' host: 'drakcar-api.caronte_cars_default' (Got timeout reading communication packets)
2022-05-05 23:17:58 74 [Warning] Aborted connection 74 to db: 'drakars' user: 'drakars_user' host: 'drakcar-api.caronte_cars_default' (Got an error reading communication packets)
2022-05-05 23:17:58 73 [Warning] Aborted connection 73 to db: 'drakars' user: 'drakars_user' host: 'drakcar-api.caronte_cars_default' (Got an error reading communication packets)
2022-05-05 23:23:08 76 [Warning] Aborted connection 76 to db: 'drakars' user: 'drakars_user' host: 'drakcar-api.caronte_cars_default' (Got an error reading communication packets)
2022-05-05 23:23:08 75 [Warning] Aborted connection 75 to db: 'drakars' user: 'drakars_user' host: 'drakcar-api.caronte_cars_default' (Got an error reading communication packets)
2022-05-05 23:23:29 78 [Warning] Aborted connection 78 to db: 'drakars' user: 'drakars_user' host: 'drakcar-api.caronte_cars_default' (Got an error reading communication packets)
2022-05-05 23:23:29 77 [Warning] Aborted connection 77 to db: 'drakars' user: 'drakars_user' host: 'drakcar-api.caronte_cars_default' (Got an error reading communication packets)
2022-05-05 23:24:44 80 [Warning] Aborted connection 80 to db: 'drakars' user: 'drakars_user' host: 'drakcar-api.caronte_cars_default' (Got an error reading communication packets)
2022-05-05 23:24:44 79 [Warning] Aborted connection 79 to db: 'drakars' user: 'drakars_user' host: 'drakcar-api.caronte_cars_default' (Got an error reading communication packets)
2022-05-05 23:26:15 82 [Warning] Aborted connection 82 to db: 'drakars' user: 'drakars_user' host: 'drakcar-api.caronte_cars_default' (Got an error reading communication packets)
2022-05-05 23:26:15 81 [Warning] Aborted connection 81 to db: 'drakars' user: 'drakars_user' host: 'drakcar-api.caronte_cars_default' (Got an error reading communication packets)
2022-05-05 23:28:56 84 [Warning] Aborted connection 84 to db: 'drakars' user: 'drakars_user' host: 'drakcar-api.caronte_cars_default' (Got an error reading communication packets)
2022-05-05 23:28:56 83 [Warning] Aborted connection 83 to db: 'drakars' user: 'drakars_user' host: 'drakcar-api.caronte_cars_default' (Got an error reading communication packets)
2022-05-05 23:33:35 86 [Warning] Aborted connection 86 to db: 'drakars' user: 'drakars_user' host: 'drakcar-api.caronte_cars_default' (Got an error reading communication packets)
2022-05-05 23:33:35 85 [Warning] Aborted connection 85 to db: 'drakars' user: 'drakars_user' host: 'drakcar-api.caronte_cars_default' (Got an error reading communication packets)
2022-05-05 23:34:03 88 [Warning] Aborted connection 88 to db: 'drakars' user: 'drakars_user' host: 'drakcar-api.caronte_cars_default' (Got an error reading communication packets)
2022-05-05 23:34:03 87 [Warning] Aborted connection 87 to db: 'drakars' user: 'drakars_user' host: 'drakcar-api.caronte_cars_default' (Got an error reading communication packets)
2022-05-05 23:34:11 90 [Warning] Aborted connection 90 to db: 'drakars' user: 'drakars_user' host: 'drakcar-api.caronte_cars_default' (Got an error reading communication packets)
2022-05-05 23:34:11 89 [Warning] Aborted connection 89 to db: 'drakars' user: 'drakars_user' host: 'drakcar-api.caronte_cars_default' (Got an error reading communication packets)
2022-05-05 23:37:25 92 [Warning] Aborted connection 92 to db: 'drakars' user: 'drakars_user' host: 'drakcar-api.caronte_cars_default' (Got an error reading communication packets)
2022-05-05 23:37:25 91 [Warning] Aborted connection 91 to db: 'drakars' user: 'drakars_user' host: 'drakcar-api.caronte_cars_default' (Got an error reading communication packets)
2022-05-05 23:39:01 93 [Warning] Aborted connection 93 to db: 'drakars' user: 'drakars_user' host: 'drakcar-api.caronte_cars_default' (Got an error reading communication packets)
2022-05-05 23:39:01 94 [Warning] Aborted connection 94 to db: 'drakars' user: 'drakars_user' host: 'drakcar-api.caronte_cars_default' (Got an error reading communication packets)
2022-05-05 23:39:29 96 [Warning] Aborted connection 96 to db: 'drakars' user: 'drakars_user' host: 'drakcar-api.caronte_cars_default' (Got an error reading communication packets)
2022-05-05 23:39:29 95 [Warning] Aborted connection 95 to db: 'drakars' user: 'drakars_user' host: 'drakcar-api.caronte_cars_default' (Got an error reading communication packets)
2022-05-05 23:44:07 98 [Warning] Aborted connection 98 to db: 'drakars' user: 'drakars_user' host: 'drakcar-api.caronte_cars_default' (Got an error reading communication packets)
2022-05-05 23:44:07 97 [Warning] Aborted connection 97 to db: 'drakars' user: 'drakars_user' host: 'drakcar-api.caronte_cars_default' (Got an error reading communication packets)
2022-05-05 23:52:08 100 [Warning] Aborted connection 100 to db: 'drakars' user: 'drakars_user' host: 'drakcar-api.caronte_cars_default' (Got an error reading communication packets)
2022-05-05 23:52:08 99 [Warning] Aborted connection 99 to db: 'drakars' user: 'drakars_user' host: 'drakcar-api.caronte_cars_default' (Got an error reading communication packets)
2022-05-05 23:52:52 102 [Warning] Aborted connection 102 to db: 'drakars' user: 'drakars_user' host: 'drakcar-api.caronte_cars_default' (Got an error reading communication packets)
2022-05-05 23:52:52 101 [Warning] Aborted connection 101 to db: 'drakars' user: 'drakars_user' host: 'drakcar-api.caronte_cars_default' (Got an error reading communication packets)
2022-05-05 23:54:42 104 [Warning] Aborted connection 104 to db: 'drakars' user: 'drakars_user' host: 'drakcar-api.caronte_cars_default' (Got an error reading communication packets)
2022-05-05 23:54:42 103 [Warning] Aborted connection 103 to db: 'drakars' user: 'drakars_user' host: 'drakcar-api.caronte_cars_default' (Got an error reading communication packets)
2022-05-06  0:04:44 105 [Warning] Aborted connection 105 to db: 'drakars' user: 'drakars_user' host: 'drakcar-api.caronte_cars_default' (Got timeout reading communication packets)
2022-05-06  0:05:14 106 [Warning] Aborted connection 106 to db: 'drakars' user: 'drakars_user' host: 'drakcar-api.caronte_cars_default' (Got timeout reading communication packets)
2022-05-06  0:21:38 107 [Warning] Aborted connection 107 to db: 'drakars' user: 'drakars_user' host: 'drakcar-api.caronte_cars_default' (Got an error reading communication packets)
2022-05-06  0:22:06 108 [Warning] Aborted connection 108 to db: 'drakars' user: 'drakars_user' host: 'drakcar-api.caronte_cars_default' (Got an error reading communication packets)
2022-05-06  0:22:06 109 [Warning] Aborted connection 109 to db: 'drakars' user: 'drakars_user' host: 'drakcar-api.caronte_cars_default' (Got an error reading communication packets)
2022-05-06  0:32:08 110 [Warning] Aborted connection 110 to db: 'drakars' user: 'drakars_user' host: 'drakcar-api.caronte_cars_default' (Got timeout reading communication packets)
2022-05-06  0:32:09 111 [Warning] Aborted connection 111 to db: 'drakars' user: 'drakars_user' host: 'drakcar-api.caronte_cars_default' (Got timeout reading communication packets)
2022-05-06  1:12:32 112 [Warning] Aborted connection 112 to db: 'drakars' user: 'drakars_user' host: 'drakcar-api.caronte_cars_default' (Got timeout reading communication packets)
2022-05-06 17:45:04 113 [Warning] Aborted connection 113 to db: 'drakars' user: 'drakars_user' host: 'drakcar-api.caronte_cars_default' (Got timeout reading communication packets)
2022-05-06 18:47:46 117 [Warning] Aborted connection 117 to db: 'drakars' user: 'drakars_user' host: 'drakcar-api.caronte_cars_default' (Got an error reading communication packets)
2022-05-06 18:47:46 116 [Warning] Aborted connection 116 to db: 'drakars' user: 'drakars_user' host: 'drakcar-api.caronte_cars_default' (Got an error reading communication packets)
2022-05-06 18:47:55 119 [Warning] Aborted connection 119 to db: 'drakars' user: 'drakars_user' host: 'drakcar-api.caronte_cars_default' (Got an error reading communication packets)
2022-05-06 18:47:55 118 [Warning] Aborted connection 118 to db: 'drakars' user: 'drakars_user' host: 'drakcar-api.caronte_cars_default' (Got an error reading communication packets)
2022-05-06 18:48:05 121 [Warning] Aborted connection 121 to db: 'drakars' user: 'drakars_user' host: 'drakcar-api.caronte_cars_default' (Got an error reading communication packets)
2022-05-06 18:48:05 120 [Warning] Aborted connection 120 to db: 'drakars' user: 'drakars_user' host: 'drakcar-api.caronte_cars_default' (Got an error reading communication packets)
2022-05-06 18:48:21 122 [Warning] Aborted connection 122 to db: 'drakars' user: 'drakars_user' host: 'drakcar-api.caronte_cars_default' (Got an error reading communication packets)
2022-05-06 18:48:21 123 [Warning] Aborted connection 123 to db: 'drakars' user: 'drakars_user' host: 'drakcar-api.caronte_cars_default' (Got an error reading communication packets)
2022-05-06 18:48:42 125 [Warning] Aborted connection 125 to db: 'drakars' user: 'drakars_user' host: 'drakcar-api.caronte_cars_default' (Got an error reading communication packets)
2022-05-06 18:48:42 124 [Warning] Aborted connection 124 to db: 'drakars' user: 'drakars_user' host: 'drakcar-api.caronte_cars_default' (Got an error reading communication packets)
2022-05-06 18:48:49 127 [Warning] Aborted connection 127 to db: 'drakars' user: 'drakars_user' host: 'drakcar-api.caronte_cars_default' (Got an error reading communication packets)
2022-05-06 18:48:49 126 [Warning] Aborted connection 126 to db: 'drakars' user: 'drakars_user' host: 'drakcar-api.caronte_cars_default' (Got an error reading communication packets)
2022-05-06 18:48:54 129 [Warning] Aborted connection 129 to db: 'drakars' user: 'drakars_user' host: 'drakcar-api.caronte_cars_default' (Got an error reading communication packets)
2022-05-06 18:48:54 128 [Warning] Aborted connection 128 to db: 'drakars' user: 'drakars_user' host: 'drakcar-api.caronte_cars_default' (Got an error reading communication packets)
2022-05-06 18:52:18 131 [Warning] Aborted connection 131 to db: 'drakars' user: 'drakars_user' host: 'drakcar-api.caronte_cars_default' (Got an error reading communication packets)
2022-05-06 18:52:18 130 [Warning] Aborted connection 130 to db: 'drakars' user: 'drakars_user' host: 'drakcar-api.caronte_cars_default' (Got an error reading communication packets)
2022-05-06 18:53:05 132 [Warning] Aborted connection 132 to db: 'drakars' user: 'drakars_user' host: 'drakcar-api.caronte_cars_default' (Got an error reading communication packets)
2022-05-06 18:53:05 133 [Warning] Aborted connection 133 to db: 'drakars' user: 'drakars_user' host: 'drakcar-api.caronte_cars_default' (Got an error reading communication packets)
2022-05-06 18:53:58 134 [Warning] Aborted connection 134 to db: 'drakars' user: 'drakars_user' host: 'drakcar-api.caronte_cars_default' (Got an error reading communication packets)
2022-05-06 18:53:58 135 [Warning] Aborted connection 135 to db: 'drakars' user: 'drakars_user' host: 'drakcar-api.caronte_cars_default' (Got an error reading communication packets)
2022-05-06 18:54:03 137 [Warning] Aborted connection 137 to db: 'drakars' user: 'drakars_user' host: 'drakcar-api.caronte_cars_default' (Got an error reading communication packets)
2022-05-06 18:54:03 136 [Warning] Aborted connection 136 to db: 'drakars' user: 'drakars_user' host: 'drakcar-api.caronte_cars_default' (Got an error reading communication packets)
2022-05-06 18:55:02 139 [Warning] Aborted connection 139 to db: 'drakars' user: 'drakars_user' host: 'drakcar-api.caronte_cars_default' (Got an error reading communication packets)
2022-05-06 18:55:02 138 [Warning] Aborted connection 138 to db: 'drakars' user: 'drakars_user' host: 'drakcar-api.caronte_cars_default' (Got an error reading communication packets)
2022-05-06 18:57:09 140 [Warning] Aborted connection 140 to db: 'drakars' user: 'drakars_user' host: 'drakcar-api.caronte_cars_default' (Got an error reading communication packets)
2022-05-06 18:57:09 141 [Warning] Aborted connection 141 to db: 'drakars' user: 'drakars_user' host: 'drakcar-api.caronte_cars_default' (Got an error reading communication packets)
2022-05-06 18:58:16 142 [Warning] Aborted connection 142 to db: 'drakars' user: 'drakars_user' host: 'drakcar-api.caronte_cars_default' (Got an error reading communication packets)
2022-05-06 18:58:16 143 [Warning] Aborted connection 143 to db: 'drakars' user: 'drakars_user' host: 'drakcar-api.caronte_cars_default' (Got an error reading communication packets)
2022-05-06 18:58:29 145 [Warning] Aborted connection 145 to db: 'drakars' user: 'drakars_user' host: 'drakcar-api.caronte_cars_default' (Got an error reading communication packets)
2022-05-06 18:58:29 144 [Warning] Aborted connection 144 to db: 'drakars' user: 'drakars_user' host: 'drakcar-api.caronte_cars_default' (Got an error reading communication packets)
2022-05-06 18:58:40 147 [Warning] Aborted connection 147 to db: 'drakars' user: 'drakars_user' host: 'drakcar-api.caronte_cars_default' (Got an error reading communication packets)
2022-05-06 18:58:40 146 [Warning] Aborted connection 146 to db: 'drakars' user: 'drakars_user' host: 'drakcar-api.caronte_cars_default' (Got an error reading communication packets)
2022-05-06 18:58:44 149 [Warning] Aborted connection 149 to db: 'drakars' user: 'drakars_user' host: 'drakcar-api.caronte_cars_default' (Got an error reading communication packets)
2022-05-06 18:58:44 148 [Warning] Aborted connection 148 to db: 'drakars' user: 'drakars_user' host: 'drakcar-api.caronte_cars_default' (Got an error reading communication packets)
2022-05-06 18:58:50 151 [Warning] Aborted connection 151 to db: 'drakars' user: 'drakars_user' host: 'drakcar-api.caronte_cars_default' (Got an error reading communication packets)
2022-05-06 18:58:50 150 [Warning] Aborted connection 150 to db: 'drakars' user: 'drakars_user' host: 'drakcar-api.caronte_cars_default' (Got an error reading communication packets)
2022-05-06 18:59:07 153 [Warning] Aborted connection 153 to db: 'drakars' user: 'drakars_user' host: 'drakcar-api.caronte_cars_default' (Got an error reading communication packets)
2022-05-06 18:59:07 152 [Warning] Aborted connection 152 to db: 'drakars' user: 'drakars_user' host: 'drakcar-api.caronte_cars_default' (Got an error reading communication packets)
2022-05-06 18:59:13 155 [Warning] Aborted connection 155 to db: 'drakars' user: 'drakars_user' host: 'drakcar-api.caronte_cars_default' (Got an error reading communication packets)
2022-05-06 18:59:13 154 [Warning] Aborted connection 154 to db: 'drakars' user: 'drakars_user' host: 'drakcar-api.caronte_cars_default' (Got an error reading communication packets)
2022-05-06 18:59:18 156 [Warning] Aborted connection 156 to db: 'drakars' user: 'drakars_user' host: 'drakcar-api.caronte_cars_default' (Got an error reading communication packets)
2022-05-06 18:59:18 157 [Warning] Aborted connection 157 to db: 'drakars' user: 'drakars_user' host: 'drakcar-api.caronte_cars_default' (Got an error reading communication packets)
2022-05-06 18:59:23 158 [Warning] Aborted connection 158 to db: 'drakars' user: 'drakars_user' host: 'drakcar-api.caronte_cars_default' (Got an error reading communication packets)
2022-05-06 18:59:23 159 [Warning] Aborted connection 159 to db: 'drakars' user: 'drakars_user' host: 'drakcar-api.caronte_cars_default' (Got an error reading communication packets)
2022-05-06 19:00:32 161 [Warning] Aborted connection 161 to db: 'drakars' user: 'drakars_user' host: 'drakcar-api.caronte_cars_default' (Got an error reading communication packets)
2022-05-06 19:00:32 160 [Warning] Aborted connection 160 to db: 'drakars' user: 'drakars_user' host: 'drakcar-api.caronte_cars_default' (Got an error reading communication packets)
2022-05-06 19:01:23 163 [Warning] Aborted connection 163 to db: 'drakars' user: 'drakars_user' host: 'drakcar-api.caronte_cars_default' (Got an error reading communication packets)
2022-05-06 19:01:23 162 [Warning] Aborted connection 162 to db: 'drakars' user: 'drakars_user' host: 'drakcar-api.caronte_cars_default' (Got an error reading communication packets)
2022-05-06 19:01:28 164 [Warning] Aborted connection 164 to db: 'drakars' user: 'drakars_user' host: 'drakcar-api.caronte_cars_default' (Got an error reading communication packets)
2022-05-06 19:01:28 165 [Warning] Aborted connection 165 to db: 'drakars' user: 'drakars_user' host: 'drakcar-api.caronte_cars_default' (Got an error reading communication packets)
2022-05-06 19:02:29 166 [Warning] Aborted connection 166 to db: 'drakars' user: 'drakars_user' host: 'drakcar-api.caronte_cars_default' (Got an error reading communication packets)
2022-05-06 19:02:29 167 [Warning] Aborted connection 167 to db: 'drakars' user: 'drakars_user' host: 'drakcar-api.caronte_cars_default' (Got an error reading communication packets)
2022-05-06 19:02:57 169 [Warning] Aborted connection 169 to db: 'drakars' user: 'drakars_user' host: 'drakcar-api.caronte_cars_default' (Got an error reading communication packets)
2022-05-06 19:02:57 168 [Warning] Aborted connection 168 to db: 'drakars' user: 'drakars_user' host: 'drakcar-api.caronte_cars_default' (Got an error reading communication packets)
2022-05-06 19:03:05 171 [Warning] Aborted connection 171 to db: 'drakars' user: 'drakars_user' host: 'drakcar-api.caronte_cars_default' (Got an error reading communication packets)
2022-05-06 19:03:05 170 [Warning] Aborted connection 170 to db: 'drakars' user: 'drakars_user' host: 'drakcar-api.caronte_cars_default' (Got an error reading communication packets)
2022-05-06 19:05:54 173 [Warning] Aborted connection 173 to db: 'drakars' user: 'drakars_user' host: 'drakcar-api.caronte_cars_default' (Got an error reading communication packets)
2022-05-06 19:05:54 172 [Warning] Aborted connection 172 to db: 'drakars' user: 'drakars_user' host: 'drakcar-api.caronte_cars_default' (Got an error reading communication packets)
2022-05-06 19:06:10 174 [Warning] Aborted connection 174 to db: 'drakars' user: 'drakars_user' host: 'drakcar-api.caronte_cars_default' (Got an error reading communication packets)
2022-05-06 19:06:10 175 [Warning] Aborted connection 175 to db: 'drakars' user: 'drakars_user' host: 'drakcar-api.caronte_cars_default' (Got an error reading communication packets)
2022-05-06 19:07:12 177 [Warning] Aborted connection 177 to db: 'drakars' user: 'drakars_user' host: 'drakcar-api.caronte_cars_default' (Got an error reading communication packets)
2022-05-06 19:07:12 176 [Warning] Aborted connection 176 to db: 'drakars' user: 'drakars_user' host: 'drakcar-api.caronte_cars_default' (Got an error reading communication packets)
2022-05-06 19:07:22 179 [Warning] Aborted connection 179 to db: 'drakars' user: 'drakars_user' host: 'drakcar-api.caronte_cars_default' (Got an error reading communication packets)
2022-05-06 19:07:22 178 [Warning] Aborted connection 178 to db: 'drakars' user: 'drakars_user' host: 'drakcar-api.caronte_cars_default' (Got an error reading communication packets)
2022-05-06 19:07:54 181 [Warning] Aborted connection 181 to db: 'drakars' user: 'drakars_user' host: 'drakcar-api.caronte_cars_default' (Got an error reading communication packets)
2022-05-06 19:07:54 180 [Warning] Aborted connection 180 to db: 'drakars' user: 'drakars_user' host: 'drakcar-api.caronte_cars_default' (Got an error reading communication packets)
2022-05-06 19:08:32 183 [Warning] Aborted connection 183 to db: 'drakars' user: 'drakars_user' host: 'drakcar-api.caronte_cars_default' (Got an error reading communication packets)
2022-05-06 19:08:32 182 [Warning] Aborted connection 182 to db: 'drakars' user: 'drakars_user' host: 'drakcar-api.caronte_cars_default' (Got an error reading communication packets)
2022-05-06 19:14:23 184 [Warning] Aborted connection 184 to db: 'drakars' user: 'drakars_user' host: 'drakcar-api.caronte_cars_default' (Got an error reading communication packets)
2022-05-06 19:14:23 185 [Warning] Aborted connection 185 to db: 'drakars' user: 'drakars_user' host: 'drakcar-api.caronte_cars_default' (Got an error reading communication packets)
2022-05-06 19:15:12 186 [Warning] Aborted connection 186 to db: 'drakars' user: 'drakars_user' host: 'drakcar-api.caronte_cars_default' (Got an error reading communication packets)
2022-05-06 19:15:12 187 [Warning] Aborted connection 187 to db: 'drakars' user: 'drakars_user' host: 'drakcar-api.caronte_cars_default' (Got an error reading communication packets)
2022-05-06 19:15:21 188 [Warning] Aborted connection 188 to db: 'drakars' user: 'drakars_user' host: 'drakcar-api.caronte_cars_default' (Got an error reading communication packets)
2022-05-06 19:15:21 189 [Warning] Aborted connection 189 to db: 'drakars' user: 'drakars_user' host: 'drakcar-api.caronte_cars_default' (Got an error reading communication packets)
2022-05-06 19:16:31 190 [Warning] Aborted connection 190 to db: 'drakars' user: 'drakars_user' host: 'drakcar-api.caronte_cars_default' (Got an error reading communication packets)
2022-05-06 19:16:31 191 [Warning] Aborted connection 191 to db: 'drakars' user: 'drakars_user' host: 'drakcar-api.caronte_cars_default' (Got an error reading communication packets)
2022-05-06 19:26:36 192 [Warning] Aborted connection 192 to db: 'drakars' user: 'drakars_user' host: 'drakcar-api.caronte_cars_default' (Got timeout reading communication packets)
2022-05-06 19:26:36 193 [Warning] Aborted connection 193 to db: 'drakars' user: 'drakars_user' host: 'drakcar-api.caronte_cars_default' (Got timeout reading communication packets)
2022-05-06 19:57:10 195 [Warning] Aborted connection 195 to db: 'drakars' user: 'drakars_user' host: 'drakcar-api.caronte_cars_default' (Got an error reading communication packets)
2022-05-06 19:57:10 194 [Warning] Aborted connection 194 to db: 'drakars' user: 'drakars_user' host: 'drakcar-api.caronte_cars_default' (Got an error reading communication packets)
2022-05-06 19:58:14 197 [Warning] Aborted connection 197 to db: 'drakars' user: 'drakars_user' host: 'drakcar-api.caronte_cars_default' (Got an error reading communication packets)
2022-05-06 19:58:14 196 [Warning] Aborted connection 196 to db: 'drakars' user: 'drakars_user' host: 'drakcar-api.caronte_cars_default' (Got an error reading communication packets)
2022-05-06 19:59:16 198 [Warning] Aborted connection 198 to db: 'drakars' user: 'drakars_user' host: 'drakcar-api.caronte_cars_default' (Got an error reading communication packets)
2022-05-06 19:59:16 199 [Warning] Aborted connection 199 to db: 'drakars' user: 'drakars_user' host: 'drakcar-api.caronte_cars_default' (Got an error reading communication packets)
2022-05-06 19:59:25 201 [Warning] Aborted connection 201 to db: 'drakars' user: 'drakars_user' host: 'drakcar-api.caronte_cars_default' (Got an error reading communication packets)
2022-05-06 19:59:25 200 [Warning] Aborted connection 200 to db: 'drakars' user: 'drakars_user' host: 'drakcar-api.caronte_cars_default' (Got an error reading communication packets)
2022-05-06 20:00:29 203 [Warning] Aborted connection 203 to db: 'drakars' user: 'drakars_user' host: 'drakcar-api.caronte_cars_default' (Got an error reading communication packets)
2022-05-06 20:00:29 202 [Warning] Aborted connection 202 to db: 'drakars' user: 'drakars_user' host: 'drakcar-api.caronte_cars_default' (Got an error reading communication packets)
2022-05-06 20:01:51 205 [Warning] Aborted connection 205 to db: 'drakars' user: 'drakars_user' host: 'drakcar-api.caronte_cars_default' (Got an error reading communication packets)
2022-05-06 20:01:51 204 [Warning] Aborted connection 204 to db: 'drakars' user: 'drakars_user' host: 'drakcar-api.caronte_cars_default' (Got an error reading communication packets)
2022-05-06 20:04:12 206 [Warning] Aborted connection 206 to db: 'drakars' user: 'drakars_user' host: 'drakcar-api.caronte_cars_default' (Got an error reading communication packets)
2022-05-06 20:04:12 207 [Warning] Aborted connection 207 to db: 'drakars' user: 'drakars_user' host: 'drakcar-api.caronte_cars_default' (Got an error reading communication packets)
2022-05-06 20:04:22 209 [Warning] Aborted connection 209 to db: 'drakars' user: 'drakars_user' host: 'drakcar-api.caronte_cars_default' (Got an error reading communication packets)
2022-05-06 20:04:22 208 [Warning] Aborted connection 208 to db: 'drakars' user: 'drakars_user' host: 'drakcar-api.caronte_cars_default' (Got an error reading communication packets)
2022-05-06 20:06:45 211 [Warning] Aborted connection 211 to db: 'drakars' user: 'drakars_user' host: 'drakcar-api.caronte_cars_default' (Got an error reading communication packets)
2022-05-06 20:06:45 210 [Warning] Aborted connection 210 to db: 'drakars' user: 'drakars_user' host: 'drakcar-api.caronte_cars_default' (Got an error reading communication packets)
2022-05-06 20:07:09 212 [Warning] Aborted connection 212 to db: 'drakars' user: 'drakars_user' host: 'drakcar-api.caronte_cars_default' (Got an error reading communication packets)
2022-05-06 20:07:09 213 [Warning] Aborted connection 213 to db: 'drakars' user: 'drakars_user' host: 'drakcar-api.caronte_cars_default' (Got an error reading communication packets)
2022-05-06 20:07:28 215 [Warning] Aborted connection 215 to db: 'drakars' user: 'drakars_user' host: 'drakcar-api.caronte_cars_default' (Got an error reading communication packets)
2022-05-06 20:07:28 214 [Warning] Aborted connection 214 to db: 'drakars' user: 'drakars_user' host: 'drakcar-api.caronte_cars_default' (Got an error reading communication packets)
2022-05-06 20:07:54 217 [Warning] Aborted connection 217 to db: 'drakars' user: 'drakars_user' host: 'drakcar-api.caronte_cars_default' (Got an error reading communication packets)
2022-05-06 20:07:54 216 [Warning] Aborted connection 216 to db: 'drakars' user: 'drakars_user' host: 'drakcar-api.caronte_cars_default' (Got an error reading communication packets)
2022-05-06 20:08:44 219 [Warning] Aborted connection 219 to db: 'drakars' user: 'drakars_user' host: 'drakcar-api.caronte_cars_default' (Got an error reading communication packets)
2022-05-06 20:08:44 218 [Warning] Aborted connection 218 to db: 'drakars' user: 'drakars_user' host: 'drakcar-api.caronte_cars_default' (Got an error reading communication packets)
2022-05-06 20:09:03 221 [Warning] Aborted connection 221 to db: 'drakars' user: 'drakars_user' host: 'drakcar-api.caronte_cars_default' (Got an error reading communication packets)
2022-05-06 20:09:03 220 [Warning] Aborted connection 220 to db: 'drakars' user: 'drakars_user' host: 'drakcar-api.caronte_cars_default' (Got an error reading communication packets)
2022-05-06 20:09:17 223 [Warning] Aborted connection 223 to db: 'drakars' user: 'drakars_user' host: 'drakcar-api.caronte_cars_default' (Got an error reading communication packets)
2022-05-06 20:09:17 222 [Warning] Aborted connection 222 to db: 'drakars' user: 'drakars_user' host: 'drakcar-api.caronte_cars_default' (Got an error reading communication packets)
2022-05-06 20:09:56 225 [Warning] Aborted connection 225 to db: 'drakars' user: 'drakars_user' host: 'drakcar-api.caronte_cars_default' (Got an error reading communication packets)
2022-05-06 20:09:56 224 [Warning] Aborted connection 224 to db: 'drakars' user: 'drakars_user' host: 'drakcar-api.caronte_cars_default' (Got an error reading communication packets)
2022-05-06 20:10:20 226 [Warning] Aborted connection 226 to db: 'drakars' user: 'drakars_user' host: 'drakcar-api.caronte_cars_default' (Got an error reading communication packets)
2022-05-06 20:10:20 227 [Warning] Aborted connection 227 to db: 'drakars' user: 'drakars_user' host: 'drakcar-api.caronte_cars_default' (Got an error reading communication packets)
2022-05-06 20:11:36 229 [Warning] Aborted connection 229 to db: 'drakars' user: 'drakars_user' host: 'drakcar-api.caronte_cars_default' (Got an error reading communication packets)
2022-05-06 20:11:36 228 [Warning] Aborted connection 228 to db: 'drakars' user: 'drakars_user' host: 'drakcar-api.caronte_cars_default' (Got an error reading communication packets)
2022-05-06 20:11:59 231 [Warning] Aborted connection 231 to db: 'drakars' user: 'drakars_user' host: 'drakcar-api.caronte_cars_default' (Got an error reading communication packets)
2022-05-06 20:11:59 230 [Warning] Aborted connection 230 to db: 'drakars' user: 'drakars_user' host: 'drakcar-api.caronte_cars_default' (Got an error reading communication packets)
2022-05-06 20:22:01 232 [Warning] Aborted connection 232 to db: 'drakars' user: 'drakars_user' host: 'drakcar-api.caronte_cars_default' (Got timeout reading communication packets)
2022-05-06 20:22:01 233 [Warning] Aborted connection 233 to db: 'drakars' user: 'drakars_user' host: 'drakcar-api.caronte_cars_default' (Got timeout reading communication packets)
2022-05-06 20:22:42 235 [Warning] Aborted connection 235 to db: 'drakars' user: 'drakars_user' host: 'drakcar-api.caronte_cars_default' (Got an error reading communication packets)
2022-05-06 20:22:42 234 [Warning] Aborted connection 234 to db: 'drakars' user: 'drakars_user' host: 'drakcar-api.caronte_cars_default' (Got an error reading communication packets)
2022-05-06 20:23:06 237 [Warning] Aborted connection 237 to db: 'drakars' user: 'drakars_user' host: 'drakcar-api.caronte_cars_default' (Got an error reading communication packets)
2022-05-06 20:23:06 236 [Warning] Aborted connection 236 to db: 'drakars' user: 'drakars_user' host: 'drakcar-api.caronte_cars_default' (Got an error reading communication packets)
2022-05-06 20:33:08 238 [Warning] Aborted connection 238 to db: 'drakars' user: 'drakars_user' host: 'drakcar-api.caronte_cars_default' (Got timeout reading communication packets)
2022-05-06 20:33:08 239 [Warning] Aborted connection 239 to db: 'drakars' user: 'drakars_user' host: 'drakcar-api.caronte_cars_default' (Got timeout reading communication packets)
2022-05-06 21:05:49 241 [Warning] Aborted connection 241 to db: 'drakars' user: 'drakars_user' host: 'drakcar-api.caronte_cars_default' (Got an error reading communication packets)
2022-05-06 21:05:49 240 [Warning] Aborted connection 240 to db: 'drakars' user: 'drakars_user' host: 'drakcar-api.caronte_cars_default' (Got an error reading communication packets)
2022-05-06 21:15:51 242 [Warning] Aborted connection 242 to db: 'drakars' user: 'drakars_user' host: 'drakcar-api.caronte_cars_default' (Got timeout reading communication packets)
2022-05-06 21:15:51 243 [Warning] Aborted connection 243 to db: 'drakars' user: 'drakars_user' host: 'drakcar-api.caronte_cars_default' (Got timeout reading communication packets)
2022-05-06 21:29:15 244 [Warning] Aborted connection 244 to db: 'drakars' user: 'drakars_user' host: 'drakcar-api.caronte_cars_default' (Got timeout reading communication packets)
2022-05-06 21:29:15 245 [Warning] Aborted connection 245 to db: 'drakars' user: 'drakars_user' host: 'drakcar-api.caronte_cars_default' (Got timeout reading communication packets)
2022-05-06 21:35:03 246 [Warning] Aborted connection 246 to db: 'drakars' user: 'drakars_user' host: 'drakcar-api.caronte_cars_default' (Got an error reading communication packets)
2022-05-06 21:35:03 247 [Warning] Aborted connection 247 to db: 'drakars' user: 'drakars_user' host: 'drakcar-api.caronte_cars_default' (Got an error reading communication packets)
2022-05-06 21:35:11 249 [Warning] Aborted connection 249 to db: 'drakars' user: 'drakars_user' host: 'drakcar-api.caronte_cars_default' (Got an error reading communication packets)
2022-05-06 21:35:11 248 [Warning] Aborted connection 248 to db: 'drakars' user: 'drakars_user' host: 'drakcar-api.caronte_cars_default' (Got an error reading communication packets)
2022-05-06 21:35:16 251 [Warning] Aborted connection 251 to db: 'drakars' user: 'drakars_user' host: 'drakcar-api.caronte_cars_default' (Got an error reading communication packets)
2022-05-06 21:35:16 250 [Warning] Aborted connection 250 to db: 'drakars' user: 'drakars_user' host: 'drakcar-api.caronte_cars_default' (Got an error reading communication packets)
2022-05-06 21:35:39 253 [Warning] Aborted connection 253 to db: 'drakars' user: 'drakars_user' host: 'drakcar-api.caronte_cars_default' (Got an error reading communication packets)
2022-05-06 21:35:39 252 [Warning] Aborted connection 252 to db: 'drakars' user: 'drakars_user' host: 'drakcar-api.caronte_cars_default' (Got an error reading communication packets)
2022-05-06 21:40:31 255 [Warning] Aborted connection 255 to db: 'drakars' user: 'drakars_user' host: 'drakcar-api.caronte_cars_default' (Got an error reading communication packets)
2022-05-06 21:40:31 254 [Warning] Aborted connection 254 to db: 'drakars' user: 'drakars_user' host: 'drakcar-api.caronte_cars_default' (Got an error reading communication packets)
2022-05-06 21:41:16 257 [Warning] Aborted connection 257 to db: 'drakars' user: 'drakars_user' host: 'drakcar-api.caronte_cars_default' (Got an error reading communication packets)
2022-05-06 21:41:16 256 [Warning] Aborted connection 256 to db: 'drakars' user: 'drakars_user' host: 'drakcar-api.caronte_cars_default' (Got an error reading communication packets)
2022-05-06 21:41:25 259 [Warning] Aborted connection 259 to db: 'drakars' user: 'drakars_user' host: 'drakcar-api.caronte_cars_default' (Got an error reading communication packets)
2022-05-06 21:41:25 258 [Warning] Aborted connection 258 to db: 'drakars' user: 'drakars_user' host: 'drakcar-api.caronte_cars_default' (Got an error reading communication packets)
2022-05-06 21:41:50 261 [Warning] Aborted connection 261 to db: 'drakars' user: 'drakars_user' host: 'drakcar-api.caronte_cars_default' (Got an error reading communication packets)
2022-05-06 21:41:50 260 [Warning] Aborted connection 260 to db: 'drakars' user: 'drakars_user' host: 'drakcar-api.caronte_cars_default' (Got an error reading communication packets)
2022-05-06 21:42:18 263 [Warning] Aborted connection 263 to db: 'drakars' user: 'drakars_user' host: 'drakcar-api.caronte_cars_default' (Got an error reading communication packets)
2022-05-06 21:42:18 262 [Warning] Aborted connection 262 to db: 'drakars' user: 'drakars_user' host: 'drakcar-api.caronte_cars_default' (Got an error reading communication packets)
2022-05-06 21:42:58 265 [Warning] Aborted connection 265 to db: 'drakars' user: 'drakars_user' host: 'drakcar-api.caronte_cars_default' (Got an error reading communication packets)
2022-05-06 21:42:58 264 [Warning] Aborted connection 264 to db: 'drakars' user: 'drakars_user' host: 'drakcar-api.caronte_cars_default' (Got an error reading communication packets)
2022-05-06 21:43:37 267 [Warning] Aborted connection 267 to db: 'drakars' user: 'drakars_user' host: 'drakcar-api.caronte_cars_default' (Got an error reading communication packets)
2022-05-06 21:43:37 266 [Warning] Aborted connection 266 to db: 'drakars' user: 'drakars_user' host: 'drakcar-api.caronte_cars_default' (Got an error reading communication packets)
2022-05-06 21:44:26 0 [Note] /usr/bin/mariadbd (initiated by: unknown): Normal shutdown
2022-05-06 21:44:26 0 [Note] Event Scheduler: Purging the queue. 0 events
2022-05-06 21:44:26 0 [Note] InnoDB: FTS optimize thread exiting.
2022-05-06 21:44:26 0 [Note] InnoDB: Starting shutdown...
2022-05-06 21:44:26 0 [Note] InnoDB: Dumping buffer pool(s) to /config/databases/ib_buffer_pool
2022-05-06 21:44:26 0 [Note] InnoDB: Buffer pool(s) dump completed at 220506 21:44:26
2022-05-06 21:44:26 0 [Note] InnoDB: Removed temporary tablespace data file: "ibtmp1"
2022-05-06 21:44:26 0 [Note] InnoDB: Shutdown completed; log sequence number 138985047; transaction id 3607
2022-05-06 21:44:26 0 [Note] /usr/bin/mariadbd: Shutdown complete

220506 21:44:26 mysqld_safe mysqld from pid file /var/run/mysqld/mysqld.pid ended
